C:\Users\91948\Documents\Q3\Sustainable\requests\setup.py:6: error: Library stubs not installed for "setuptools"  [import-untyped]
C:\Users\91948\Documents\Q3\Sustainable\requests\setup.py:6: note: Hint: "python3 -m pip install types-setuptools"
C:\Users\91948\Documents\Q3\Sustainable\requests\setup.py:51: error: Need type annotation for "about" (hint: "about: dict[<type>, <type>] = ...")  [var-annotated]
C:\Users\91948\Documents\Q3\Sustainable\requests\tests\utils.py:6: error: Function is missing a type annotation  [no-untyped-def]
C:\Users\91948\Documents\Q3\Sustainable\requests\tests\compat.py:4: error: Cannot find implementation or library stub for module named "StringIO"  [import-not-found]
C:\Users\91948\Documents\Q3\Sustainable\requests\tests\compat.py:9: error: Cannot find implementation or library stub for module named "cStringIO"  [import-not-found]
C:\Users\91948\Documents\Q3\Sustainable\requests\tests\compat.py:14: error: Function is missing a type annotation  [no-untyped-def]
C:\Users\91948\Documents\Q3\Sustainable\requests\tests\__init__.py:6: error: Cannot find implementation or library stub for module named "urllib3.exceptions"  [import-not-found]
C:\Users\91948\Documents\Q3\Sustainable\requests\src\requests\hooks.py:15: error: Function is missing a return type annotation  [no-untyped-def]
C:\Users\91948\Documents\Q3\Sustainable\requests\src\requests\hooks.py:22: error: Function is missing a type annotation  [no-untyped-def]
C:\Users\91948\Documents\Q3\Sustainable\requests\src\requests\certs.py:14: error: Cannot find implementation or library stub for module named "certifi"  [import-not-found]
C:\Users\91948\Documents\Q3\Sustainable\requests\docs\_themes\flask_theme_support.py:2: error: Library stubs not installed for "pygments.style"  [import-untyped]
C:\Users\91948\Documents\Q3\Sustainable\requests\docs\_themes\flask_theme_support.py:2: note: Hint: "python3 -m pip install types-Pygments"
C:\Users\91948\Documents\Q3\Sustainable\requests\docs\_themes\flask_theme_support.py:2: note: (or run "mypy --install-types" to install all missing stub packages)
C:\Users\91948\Documents\Q3\Sustainable\requests\docs\_themes\flask_theme_support.py:2: note: See https://mypy.readthedocs.io/en/stable/running_mypy.html#missing-imports
C:\Users\91948\Documents\Q3\Sustainable\requests\docs\_themes\flask_theme_support.py:3: error: Library stubs not installed for "pygments.token"  [import-untyped]
C:\Users\91948\Documents\Q3\Sustainable\requests\tests\testserver\server.py:7: error: Function is missing a type annotation  [no-untyped-def]
C:\Users\91948\Documents\Q3\Sustainable\requests\tests\testserver\server.py:30: error: Function is missing a type annotation  [no-untyped-def]
C:\Users\91948\Documents\Q3\Sustainable\requests\tests\testserver\server.py:52: error: Function is missing a type annotation  [no-untyped-def]
C:\Users\91948\Documents\Q3\Sustainable\requests\tests\testserver\server.py:53: error: Function is missing a type annotation  [no-untyped-def]
C:\Users\91948\Documents\Q3\Sustainable\requests\tests\testserver\server.py:62: error: Function is missing a type annotation  [no-untyped-def]
C:\Users\91948\Documents\Q3\Sustainable\requests\tests\testserver\server.py:67: error: Function is missing a return type annotation  [no-untyped-def]
C:\Users\91948\Documents\Q3\Sustainable\requests\tests\testserver\server.py:67: note: Use "-> None" if function does not return a value
C:\Users\91948\Documents\Q3\Sustainable\requests\tests\testserver\server.py:82: error: Function is missing a return type annotation  [no-untyped-def]
C:\Users\91948\Documents\Q3\Sustainable\requests\tests\testserver\server.py:88: error: Function is missing a return type annotation  [no-untyped-def]
C:\Users\91948\Documents\Q3\Sustainable\requests\tests\testserver\server.py:88: note: Use "-> None" if function does not return a value
C:\Users\91948\Documents\Q3\Sustainable\requests\tests\testserver\server.py:94: error: Function is missing a return type annotation  [no-untyped-def]
C:\Users\91948\Documents\Q3\Sustainable\requests\tests\testserver\server.py:94: note: Use "-> None" if function does not return a value
C:\Users\91948\Documents\Q3\Sustainable\requests\tests\testserver\server.py:105: error: Function is missing a return type annotation  [no-untyped-def]
C:\Users\91948\Documents\Q3\Sustainable\requests\tests\testserver\server.py:117: error: Function is missing a type annotation  [no-untyped-def]
C:\Users\91948\Documents\Q3\Sustainable\requests\tests\testserver\server.py:123: error: Function is missing a type annotation  [no-untyped-def]
C:\Users\91948\Documents\Q3\Sustainable\requests\tests\testserver\server.py:139: error: Function is missing a type annotation  [no-untyped-def]
C:\Users\91948\Documents\Q3\Sustainable\requests\tests\testserver\server.py:171: error: Function is missing a return type annotation  [no-untyped-def]
C:\Users\91948\Documents\Q3\Sustainable\requests\src\requests\compat.py:16: error: Cannot find implementation or library stub for module named "urllib3"  [import-not-found]
C:\Users\91948\Documents\Q3\Sustainable\requests\src\requests\compat.py:30: error: Function is missing a return type annotation  [no-untyped-def]
C:\Users\91948\Documents\Q3\Sustainable\requests\src\requests\compat.py:60: error: Library stubs not installed for "simplejson"  [import-untyped]
C:\Users\91948\Documents\Q3\Sustainable\requests\src\requests\compat.py:60: note: Hint: "python3 -m pip install types-simplejson"
C:\Users\91948\Documents\Q3\Sustainable\requests\src\requests\compat.py:93: error: Module "urllib.request" has no attribute "proxy_bypass_environment"  [attr-defined]
C:\Users\91948\Documents\Q3\Sustainable\requests\tests\conftest.py:4: error: Cannot find implementation or library stub for module named "BaseHTTPServer"  [import-not-found]
C:\Users\91948\Documents\Q3\Sustainable\requests\tests\conftest.py:4: error: Name "HTTPServer" already defined (possibly by an import)  [no-redef]
C:\Users\91948\Documents\Q3\Sustainable\requests\tests\conftest.py:5: error: Cannot find implementation or library stub for module named "SimpleHTTPServer"  [import-not-found]
C:\Users\91948\Documents\Q3\Sustainable\requests\tests\conftest.py:5: error: Name "SimpleHTTPRequestHandler" already defined (possibly by an import)  [no-redef]
C:\Users\91948\Documents\Q3\Sustainable\requests\tests\conftest.py:10: error: Cannot find implementation or library stub for module named "pytest"  [import-not-found]
C:\Users\91948\Documents\Q3\Sustainable\requests\tests\conftest.py:15: error: Function is missing a type annotation  [no-untyped-def]
C:\Users\91948\Documents\Q3\Sustainable\requests\tests\conftest.py:19: error: Function is missing a type annotation  [no-untyped-def]
C:\Users\91948\Documents\Q3\Sustainable\requests\tests\conftest.py:26: error: Function is missing a type annotation  [no-untyped-def]
C:\Users\91948\Documents\Q3\Sustainable\requests\tests\conftest.py:31: error: Function is missing a type annotation  [no-untyped-def]
C:\Users\91948\Documents\Q3\Sustainable\requests\tests\conftest.py:36: error: Function is missing a type annotation  [no-untyped-def]
C:\Users\91948\Documents\Q3\Sustainable\requests\tests\conftest.py:39: error: Cannot find implementation or library stub for module named "trustme"  [import-not-found]
C:\Users\91948\Documents\Q3\Sustainable\requests\src\requests\structures.py:40: error: Function is missing a type annotation  [no-untyped-def]
C:\Users\91948\Documents\Q3\Sustainable\requests\src\requests\structures.py:46: error: Function is missing a type annotation  [no-untyped-def]
C:\Users\91948\Documents\Q3\Sustainable\requests\src\requests\structures.py:51: error: Function is missing a type annotation  [no-untyped-def]
C:\Users\91948\Documents\Q3\Sustainable\requests\src\requests\structures.py:54: error: Function is missing a type annotation  [no-untyped-def]
C:\Users\91948\Documents\Q3\Sustainable\requests\src\requests\structures.py:57: error: Function is missing a type annotation  [no-untyped-def]
C:\Users\91948\Documents\Q3\Sustainable\requests\src\requests\structures.py:60: error: Function is missing a type annotation  [no-untyped-def]
C:\Users\91948\Documents\Q3\Sustainable\requests\src\requests\structures.py:63: error: Function is missing a return type annotation  [no-untyped-def]
C:\Users\91948\Documents\Q3\Sustainable\requests\src\requests\structures.py:67: error: Function is missing a type annotation  [no-untyped-def]
C:\Users\91948\Documents\Q3\Sustainable\requests\src\requests\structures.py:76: error: Function is missing a return type annotation  [no-untyped-def]
C:\Users\91948\Documents\Q3\Sustainable\requests\src\requests\structures.py:79: error: Function is missing a type annotation  [no-untyped-def]
C:\Users\91948\Documents\Q3\Sustainable\requests\src\requests\structures.py:86: error: Function is missing a type annotation  [no-untyped-def]
C:\Users\91948\Documents\Q3\Sustainable\requests\src\requests\structures.py:90: error: Function is missing a type annotation  [no-untyped-def]
C:\Users\91948\Documents\Q3\Sustainable\requests\src\requests\structures.py:93: error: Function is missing a type annotation  [no-untyped-def]
C:\Users\91948\Documents\Q3\Sustainable\requests\src\requests\structures.py:98: error: Function is missing a type annotation  [no-untyped-def]
C:\Users\91948\Documents\Q3\Sustainable\requests\src\requests\exceptions.py:7: error: Cannot find implementation or library stub for module named "urllib3.exceptions"  [import-not-found]
C:\Users\91948\Documents\Q3\Sustainable\requests\src\requests\exceptions.py:17: error: Function is missing a type annotation  [no-untyped-def]
C:\Users\91948\Documents\Q3\Sustainable\requests\src\requests\exceptions.py:34: error: Function is missing a type annotation  [no-untyped-def]
C:\Users\91948\Documents\Q3\Sustainable\requests\src\requests\exceptions.py:44: error: Function is missing a return type annotation  [no-untyped-def]
C:\Users\91948\Documents\Q3\Sustainable\requests\src\requests\_internal_utils.py:25: error: Function is missing a type annotation  [no-untyped-def]
C:\Users\91948\Documents\Q3\Sustainable\requests\src\requests\_internal_utils.py:38: error: Function is missing a type annotation  [no-untyped-def]
C:\Users\91948\Documents\Q3\Sustainable\requests\tests\test_structures.py:1: error: Cannot find implementation or library stub for module named "pytest"  [import-not-found]
C:\Users\91948\Documents\Q3\Sustainable\requests\tests\test_structures.py:8: error: Function is missing a return type annotation  [no-untyped-def]
C:\Users\91948\Documents\Q3\Sustainable\requests\tests\test_structures.py:8: note: Use "-> None" if function does not return a value
C:\Users\91948\Documents\Q3\Sustainable\requests\tests\test_structures.py:13: error: Function is missing a return type annotation  [no-untyped-def]
C:\Users\91948\Documents\Q3\Sustainable\requests\tests\test_structures.py:13: note: Use "-> None" if function does not return a value
C:\Users\91948\Documents\Q3\Sustainable\requests\tests\test_structures.py:21: error: Function is missing a type annotation  [no-untyped-def]
C:\Users\91948\Documents\Q3\Sustainable\requests\tests\test_structures.py:25: error: Function is missing a type annotation  [no-untyped-def]
C:\Users\91948\Documents\Q3\Sustainable\requests\tests\test_structures.py:29: error: Function is missing a return type annotation  [no-untyped-def]
C:\Users\91948\Documents\Q3\Sustainable\requests\tests\test_structures.py:29: note: Use "-> None" if function does not return a value
C:\Users\91948\Documents\Q3\Sustainable\requests\tests\test_structures.py:34: error: Function is missing a return type annotation  [no-untyped-def]
C:\Users\91948\Documents\Q3\Sustainable\requests\tests\test_structures.py:34: note: Use "-> None" if function does not return a value
C:\Users\91948\Documents\Q3\Sustainable\requests\tests\test_structures.py:37: error: Function is missing a return type annotation  [no-untyped-def]
C:\Users\91948\Documents\Q3\Sustainable\requests\tests\test_structures.py:37: note: Use "-> None" if function does not return a value
C:\Users\91948\Documents\Q3\Sustainable\requests\tests\test_structures.py:50: error: Function is missing a type annotation  [no-untyped-def]
C:\Users\91948\Documents\Q3\Sustainable\requests\tests\test_structures.py:56: error: Function is missing a return type annotation  [no-untyped-def]
C:\Users\91948\Documents\Q3\Sustainable\requests\tests\test_structures.py:56: note: Use "-> None" if function does not return a value
C:\Users\91948\Documents\Q3\Sustainable\requests\tests\test_structures.py:61: error: Function is missing a return type annotation  [no-untyped-def]
C:\Users\91948\Documents\Q3\Sustainable\requests\tests\test_structures.py:61: note: Use "-> None" if function does not return a value
C:\Users\91948\Documents\Q3\Sustainable\requests\tests\test_structures.py:73: error: Function is missing a type annotation  [no-untyped-def]
C:\Users\91948\Documents\Q3\Sustainable\requests\tests\test_structures.py:77: error: Function is missing a type annotation  [no-untyped-def]
C:\Users\91948\Documents\Q3\Sustainable\requests\src\requests\status_codes.py:109: error: Function is missing a return type annotation  [no-untyped-def]
C:\Users\91948\Documents\Q3\Sustainable\requests\src\requests\status_codes.py:116: error: Function is missing a type annotation  [no-untyped-def]
C:\Users\91948\Documents\Q3\Sustainable\requests\src\requests\cookies.py:20: error: Cannot find implementation or library stub for module named "dummy_threading"  [import-not-found]
C:\Users\91948\Documents\Q3\Sustainable\requests\src\requests\cookies.py:20: error: Name "threading" already defined (by an import)  [no-redef]
C:\Users\91948\Documents\Q3\Sustainable\requests\src\requests\cookies.py:35: error: Function is missing a type annotation  [no-untyped-def]
C:\Users\91948\Documents\Q3\Sustainable\requests\src\requests\cookies.py:40: error: Function is missing a return type annotation  [no-untyped-def]
C:\Users\91948\Documents\Q3\Sustainable\requests\src\requests\cookies.py:43: error: Function is missing a return type annotation  [no-untyped-def]
C:\Users\91948\Documents\Q3\Sustainable\requests\src\requests\cookies.py:46: error: Function is missing a return type annotation  [no-untyped-def]
C:\Users\91948\Documents\Q3\Sustainable\requests\src\requests\cookies.py:49: error: Function is missing a return type annotation  [no-untyped-def]
C:\Users\91948\Documents\Q3\Sustainable\requests\src\requests\cookies.py:69: error: Function is missing a return type annotation  [no-untyped-def]
C:\Users\91948\Documents\Q3\Sustainable\requests\src\requests\cookies.py:72: error: Function is missing a type annotation  [no-untyped-def]
C:\Users\91948\Documents\Q3\Sustainable\requests\src\requests\cookies.py:75: error: Function is missing a type annotation  [no-untyped-def]
C:\Users\91948\Documents\Q3\Sustainable\requests\src\requests\cookies.py:78: error: Function is missing a type annotation  [no-untyped-def]
C:\Users\91948\Documents\Q3\Sustainable\requests\src\requests\cookies.py:84: error: Function is missing a type annotation  [no-untyped-def]
C:\Users\91948\Documents\Q3\Sustainable\requests\src\requests\cookies.py:87: error: Function is missing a return type annotation  [no-untyped-def]
C:\Users\91948\Documents\Q3\Sustainable\requests\src\requests\cookies.py:91: error: Function is missing a return type annotation  [no-untyped-def]
C:\Users\91948\Documents\Q3\Sustainable\requests\src\requests\cookies.py:95: error: Function is missing a return type annotation  [no-untyped-def]
C:\Users\91948\Documents\Q3\Sustainable\requests\src\requests\cookies.py:99: error: Function is missing a return type annotation  [no-untyped-def]
C:\Users\91948\Documents\Q3\Sustainable\requests\src\requests\cookies.py:110: error: Function is missing a type annotation  [no-untyped-def]
C:\Users\91948\Documents\Q3\Sustainable\requests\src\requests\cookies.py:117: error: Function is missing a return type annotation  [no-untyped-def]
C:\Users\91948\Documents\Q3\Sustainable\requests\src\requests\cookies.py:120: error: Function is missing a type annotation  [no-untyped-def]
C:\Users\91948\Documents\Q3\Sustainable\requests\src\requests\cookies.py:124: error: Function is missing a type annotation  [no-untyped-def]
C:\Users\91948\Documents\Q3\Sustainable\requests\src\requests\cookies.py:140: error: Function is missing a type annotation  [no-untyped-def]
C:\Users\91948\Documents\Q3\Sustainable\requests\src\requests\cookies.py:151: error: Function is missing a type annotation  [no-untyped-def]
C:\Users\91948\Documents\Q3\Sustainable\requests\src\requests\cookies.py:194: error: Function is missing a type annotation  [no-untyped-def]
C:\Users\91948\Documents\Q3\Sustainable\requests\src\requests\cookies.py:206: error: Function is missing a type annotation  [no-untyped-def]
C:\Users\91948\Documents\Q3\Sustainable\requests\src\requests\cookies.py:225: error: Function is missing a return type annotation  [no-untyped-def]
C:\Users\91948\Documents\Q3\Sustainable\requests\src\requests\cookies.py:234: error: Function is missing a return type annotation  [no-untyped-def]
C:\Users\91948\Documents\Q3\Sustainable\requests\src\requests\cookies.py:242: error: Function is missing a return type annotation  [no-untyped-def]
C:\Users\91948\Documents\Q3\Sustainable\requests\src\requests\cookies.py:251: error: Function is missing a return type annotation  [no-untyped-def]
C:\Users\91948\Documents\Q3\Sustainable\requests\src\requests\cookies.py:259: error: Function is missing a return type annotation  [no-untyped-def]
C:\Users\91948\Documents\Q3\Sustainable\requests\src\requests\cookies.py:268: error: Function is missing a return type annotation  [no-untyped-def]
C:\Users\91948\Documents\Q3\Sustainable\requests\src\requests\cookies.py:277: error: Function is missing a return type annotation  [no-untyped-def]
C:\Users\91948\Documents\Q3\Sustainable\requests\src\requests\cookies.py:285: error: Function is missing a return type annotation  [no-untyped-def]
C:\Users\91948\Documents\Q3\Sustainable\requests\src\requests\cookies.py:293: error: Function is missing a return type annotation  [no-untyped-def]
C:\Users\91948\Documents\Q3\Sustainable\requests\src\requests\cookies.py:306: error: Function is missing a type annotation  [no-untyped-def]
C:\Users\91948\Documents\Q3\Sustainable\requests\src\requests\cookies.py:321: error: Function is missing a type annotation  [no-untyped-def]
C:\Users\91948\Documents\Q3\Sustainable\requests\src\requests\cookies.py:327: error: Function is missing a type annotation  [no-untyped-def]
C:\Users\91948\Documents\Q3\Sustainable\requests\src\requests\cookies.py:336: error: Function is missing a type annotation  [no-untyped-def]
C:\Users\91948\Documents\Q3\Sustainable\requests\src\requests\cookies.py:343: error: Function is missing a type annotation  [no-untyped-def]
C:\Users\91948\Documents\Q3\Sustainable\requests\src\requests\cookies.py:349: error: Function is missing a type annotation  [no-untyped-def]
C:\Users\91948\Documents\Q3\Sustainable\requests\src\requests\cookies.py:358: error: Function is missing a type annotation  [no-untyped-def]
C:\Users\91948\Documents\Q3\Sustainable\requests\src\requests\cookies.py:366: error: Function is missing a type annotation  [no-untyped-def]
C:\Users\91948\Documents\Q3\Sustainable\requests\src\requests\cookies.py:386: error: Function is missing a type annotation  [no-untyped-def]
C:\Users\91948\Documents\Q3\Sustainable\requests\src\requests\cookies.py:415: error: Function is missing a return type annotation  [no-untyped-def]
C:\Users\91948\Documents\Q3\Sustainable\requests\src\requests\cookies.py:422: error: Function is missing a type annotation  [no-untyped-def]
C:\Users\91948\Documents\Q3\Sustainable\requests\src\requests\cookies.py:428: error: Function is missing a return type annotation  [no-untyped-def]
C:\Users\91948\Documents\Q3\Sustainable\requests\src\requests\cookies.py:435: error: Function is missing a return type annotation  [no-untyped-def]
C:\Users\91948\Documents\Q3\Sustainable\requests\src\requests\cookies.py:440: error: Function is missing a type annotation  [no-untyped-def]
C:\Users\91948\Documents\Q3\Sustainable\requests\src\requests\cookies.py:455: error: Function is missing a type annotation  [no-untyped-def]
C:\Users\91948\Documents\Q3\Sustainable\requests\src\requests\cookies.py:492: error: Function is missing a type annotation  [no-untyped-def]
C:\Users\91948\Documents\Q3\Sustainable\requests\src\requests\cookies.py:521: error: Function is missing a type annotation  [no-untyped-def]
C:\Users\91948\Documents\Q3\Sustainable\requests\src\requests\cookies.py:542: error: Function is missing a type annotation  [no-untyped-def]
C:\Users\91948\Documents\Q3\Sustainable\requests\src\requests\utils.py:22: error: Cannot find implementation or library stub for module named "urllib3.util"  [import-not-found]
C:\Users\91948\Documents\Q3\Sustainable\requests\src\requests\utils.py:77: error: Function is missing a type annotation  [no-untyped-def]
C:\Users\91948\Documents\Q3\Sustainable\requests\src\requests\utils.py:115: error: Function is missing a type annotation  [no-untyped-def]
C:\Users\91948\Documents\Q3\Sustainable\requests\src\requests\utils.py:115: error: All conditional function variants must have identical signatures  [misc]
C:\Users\91948\Documents\Q3\Sustainable\requests\src\requests\utils.py:115: note: Original:
C:\Users\91948\Documents\Q3\Sustainable\requests\src\requests\utils.py:115: note:     def proxy_bypass(host: str) -> Any
C:\Users\91948\Documents\Q3\Sustainable\requests\src\requests\utils.py:115: note: Redefinition:
C:\Users\91948\Documents\Q3\Sustainable\requests\src\requests\utils.py:115: note:     def proxy_bypass(host: Any) -> Any
C:\Users\91948\Documents\Q3\Sustainable\requests\src\requests\utils.py:127: error: Function is missing a type annotation  [no-untyped-def]
C:\Users\91948\Documents\Q3\Sustainable\requests\src\requests\utils.py:136: error: Function is missing a type annotation  [no-untyped-def]
C:\Users\91948\Documents\Q3\Sustainable\requests\src\requests\utils.py:207: error: Function is missing a type annotation  [no-untyped-def]
C:\Users\91948\Documents\Q3\Sustainable\requests\src\requests\utils.py:264: error: Function is missing a type annotation  [no-untyped-def]
C:\Users\91948\Documents\Q3\Sustainable\requests\src\requests\utils.py:271: error: Function is missing a type annotation  [no-untyped-def]
C:\Users\91948\Documents\Q3\Sustainable\requests\src\requests\utils.py:309: error: Function is missing a type annotation  [no-untyped-def]
C:\Users\91948\Documents\Q3\Sustainable\requests\src\requests\utils.py:321: error: Function is missing a type annotation  [no-untyped-def]
C:\Users\91948\Documents\Q3\Sustainable\requests\src\requests\utils.py:348: error: Function is missing a type annotation  [no-untyped-def]
C:\Users\91948\Documents\Q3\Sustainable\requests\src\requests\utils.py:378: error: Function is missing a type annotation  [no-untyped-def]
C:\Users\91948\Documents\Q3\Sustainable\requests\src\requests\utils.py:410: error: Function is missing a type annotation  [no-untyped-def]
C:\Users\91948\Documents\Q3\Sustainable\requests\src\requests\utils.py:445: error: Function is missing a type annotation  [no-untyped-def]
C:\Users\91948\Documents\Q3\Sustainable\requests\src\requests\utils.py:470: error: Function is missing a type annotation  [no-untyped-def]
C:\Users\91948\Documents\Q3\Sustainable\requests\src\requests\utils.py:481: error: Function is missing a type annotation  [no-untyped-def]
C:\Users\91948\Documents\Q3\Sustainable\requests\src\requests\utils.py:492: error: Function is missing a type annotation  [no-untyped-def]
C:\Users\91948\Documents\Q3\Sustainable\requests\src\requests\utils.py:517: error: Function is missing a type annotation  [no-untyped-def]
C:\Users\91948\Documents\Q3\Sustainable\requests\src\requests\utils.py:542: error: Function is missing a type annotation  [no-untyped-def]
C:\Users\91948\Documents\Q3\Sustainable\requests\src\requests\utils.py:567: error: Function is missing a type annotation  [no-untyped-def]
C:\Users\91948\Documents\Q3\Sustainable\requests\src\requests\utils.py:584: error: Function is missing a type annotation  [no-untyped-def]
C:\Users\91948\Documents\Q3\Sustainable\requests\src\requests\utils.py:594: error: Function is missing a type annotation  [no-untyped-def]
C:\Users\91948\Documents\Q3\Sustainable\requests\src\requests\utils.py:639: error: Function is missing a type annotation  [no-untyped-def]
C:\Users\91948\Documents\Q3\Sustainable\requests\src\requests\utils.py:663: error: Function is missing a type annotation  [no-untyped-def]
C:\Users\91948\Documents\Q3\Sustainable\requests\src\requests\utils.py:685: error: Function is missing a type annotation  [no-untyped-def]
C:\Users\91948\Documents\Q3\Sustainable\requests\src\requests\utils.py:700: error: Function is missing a type annotation  [no-untyped-def]
C:\Users\91948\Documents\Q3\Sustainable\requests\src\requests\utils.py:711: error: Function is missing a type annotation  [no-untyped-def]
C:\Users\91948\Documents\Q3\Sustainable\requests\src\requests\utils.py:722: error: Function is missing a type annotation  [no-untyped-def]
C:\Users\91948\Documents\Q3\Sustainable\requests\src\requests\utils.py:747: error: Function is missing a type annotation  [no-untyped-def]
C:\Users\91948\Documents\Q3\Sustainable\requests\src\requests\utils.py:768: error: Function is missing a type annotation  [no-untyped-def]
C:\Users\91948\Documents\Q3\Sustainable\requests\src\requests\utils.py:777: error: Function is missing a type annotation  [no-untyped-def]
C:\Users\91948\Documents\Q3\Sustainable\requests\src\requests\utils.py:829: error: Function is missing a type annotation  [no-untyped-def]
C:\Users\91948\Documents\Q3\Sustainable\requests\src\requests\utils.py:841: error: Function is missing a type annotation  [no-untyped-def]
C:\Users\91948\Documents\Q3\Sustainable\requests\src\requests\utils.py:867: error: Function is missing a type annotation  [no-untyped-def]
C:\Users\91948\Documents\Q3\Sustainable\requests\src\requests\utils.py:894: error: Function is missing a type annotation  [no-untyped-def]
C:\Users\91948\Documents\Q3\Sustainable\requests\src\requests\utils.py:903: error: Function is missing a return type annotation  [no-untyped-def]
C:\Users\91948\Documents\Q3\Sustainable\requests\src\requests\utils.py:917: error: Function is missing a type annotation  [no-untyped-def]
C:\Users\91948\Documents\Q3\Sustainable\requests\src\requests\utils.py:960: error: Function is missing a type annotation  [no-untyped-def]
C:\Users\91948\Documents\Q3\Sustainable\requests\src\requests\utils.py:992: error: Function is missing a type annotation  [no-untyped-def]
C:\Users\91948\Documents\Q3\Sustainable\requests\src\requests\utils.py:1021: error: Function is missing a type annotation  [no-untyped-def]
C:\Users\91948\Documents\Q3\Sustainable\requests\src\requests\utils.py:1037: error: Function is missing a type annotation  [no-untyped-def]
C:\Users\91948\Documents\Q3\Sustainable\requests\src\requests\utils.py:1048: error: Function is missing a type annotation  [no-untyped-def]
C:\Users\91948\Documents\Q3\Sustainable\requests\src\requests\utils.py:1067: error: Function is missing a type annotation  [no-untyped-def]
C:\Users\91948\Documents\Q3\Sustainable\requests\src\requests\utils.py:1084: error: Function is missing a type annotation  [no-untyped-def]
C:\Users\91948\Documents\Q3\Sustainable\requests\src\requests\auth.py:25: error: Function is missing a type annotation  [no-untyped-def]
C:\Users\91948\Documents\Q3\Sustainable\requests\src\requests\auth.py:72: error: Function is missing a type annotation  [no-untyped-def]
C:\Users\91948\Documents\Q3\Sustainable\requests\src\requests\auth.py:79: error: Function is missing a type annotation  [no-untyped-def]
C:\Users\91948\Documents\Q3\Sustainable\requests\src\requests\auth.py:83: error: Function is missing a type annotation  [no-untyped-def]
C:\Users\91948\Documents\Q3\Sustainable\requests\src\requests\auth.py:91: error: Function is missing a type annotation  [no-untyped-def]
C:\Users\91948\Documents\Q3\Sustainable\requests\src\requests\auth.py:94: error: Function is missing a type annotation  [no-untyped-def]
C:\Users\91948\Documents\Q3\Sustainable\requests\src\requests\auth.py:102: error: Function is missing a type annotation  [no-untyped-def]
C:\Users\91948\Documents\Q3\Sustainable\requests\src\requests\auth.py:110: error: Function is missing a type annotation  [no-untyped-def]
C:\Users\91948\Documents\Q3\Sustainable\requests\src\requests\auth.py:116: error: Function is missing a return type annotation  [no-untyped-def]
C:\Users\91948\Documents\Q3\Sustainable\requests\src\requests\auth.py:116: note: Use "-> None" if function does not return a value
C:\Users\91948\Documents\Q3\Sustainable\requests\src\requests\auth.py:126: error: Function is missing a type annotation  [no-untyped-def]
C:\Users\91948\Documents\Q3\Sustainable\requests\src\requests\auth.py:145: error: Function is missing a type annotation  [no-untyped-def]
C:\Users\91948\Documents\Q3\Sustainable\requests\src\requests\auth.py:153: error: Function is missing a type annotation  [no-untyped-def]
C:\Users\91948\Documents\Q3\Sustainable\requests\src\requests\auth.py:161: error: Function is missing a type annotation  [no-untyped-def]
C:\Users\91948\Documents\Q3\Sustainable\requests\src\requests\auth.py:169: error: Function is missing a type annotation  [no-untyped-def]
C:\Users\91948\Documents\Q3\Sustainable\requests\src\requests\auth.py:236: error: Function is missing a type annotation  [no-untyped-def]
C:\Users\91948\Documents\Q3\Sustainable\requests\src\requests\auth.py:241: error: Function is missing a type annotation  [no-untyped-def]
C:\Users\91948\Documents\Q3\Sustainable\requests\src\requests\auth.py:285: error: Function is missing a type annotation  [no-untyped-def]
C:\Users\91948\Documents\Q3\Sustainable\requests\src\requests\auth.py:305: error: Function is missing a type annotation  [no-untyped-def]
C:\Users\91948\Documents\Q3\Sustainable\requests\src\requests\auth.py:313: error: Function is missing a type annotation  [no-untyped-def]
C:\Users\91948\Documents\Q3\Sustainable\requests\src\requests\models.py:16: error: Cannot find implementation or library stub for module named "urllib3.exceptions"  [import-not-found]
C:\Users\91948\Documents\Q3\Sustainable\requests\src\requests\models.py:23: error: Cannot find implementation or library stub for module named "urllib3.fields"  [import-not-found]
C:\Users\91948\Documents\Q3\Sustainable\requests\src\requests\models.py:24: error: Cannot find implementation or library stub for module named "urllib3.filepost"  [import-not-found]
C:\Users\91948\Documents\Q3\Sustainable\requests\src\requests\models.py:25: error: Cannot find implementation or library stub for module named "urllib3.util"  [import-not-found]
C:\Users\91948\Documents\Q3\Sustainable\requests\src\requests\models.py:72: error: "LookupDict" has no attribute "moved"  [attr-defined]
C:\Users\91948\Documents\Q3\Sustainable\requests\src\requests\models.py:73: error: "LookupDict" has no attribute "found"  [attr-defined]
C:\Users\91948\Documents\Q3\Sustainable\requests\src\requests\models.py:74: error: "LookupDict" has no attribute "other"  [attr-defined]
C:\Users\91948\Documents\Q3\Sustainable\requests\src\requests\models.py:75: error: "LookupDict" has no attribute "temporary_redirect"  [attr-defined]
C:\Users\91948\Documents\Q3\Sustainable\requests\src\requests\models.py:76: error: "LookupDict" has no attribute "permanent_redirect"  [attr-defined]
C:\Users\91948\Documents\Q3\Sustainable\requests\src\requests\models.py:86: error: Function is missing a return type annotation  [no-untyped-def]
C:\Users\91948\Documents\Q3\Sustainable\requests\src\requests\models.py:107: error: Function is missing a type annotation  [no-untyped-def]
C:\Users\91948\Documents\Q3\Sustainable\requests\src\requests\models.py:137: error: Function is missing a type annotation  [no-untyped-def]
C:\Users\91948\Documents\Q3\Sustainable\requests\src\requests\models.py:207: error: Function is missing a type annotation  [no-untyped-def]
C:\Users\91948\Documents\Q3\Sustainable\requests\src\requests\models.py:218: error: Function is missing a type annotation  [no-untyped-def]
C:\Users\91948\Documents\Q3\Sustainable\requests\src\requests\models.py:258: error: Function is missing a type annotation  [no-untyped-def]
C:\Users\91948\Documents\Q3\Sustainable\requests\src\requests\models.py:292: error: Function is missing a type annotation  [no-untyped-def]
C:\Users\91948\Documents\Q3\Sustainable\requests\src\requests\models.py:295: error: Function is missing a return type annotation  [no-untyped-def]
C:\Users\91948\Documents\Q3\Sustainable\requests\src\requests\models.py:334: error: Function is missing a return type annotation  [no-untyped-def]
C:\Users\91948\Documents\Q3\Sustainable\requests\src\requests\models.py:334: note: Use "-> None" if function does not return a value
C:\Users\91948\Documents\Q3\Sustainable\requests\src\requests\models.py:351: error: Function is missing a type annotation  [no-untyped-def]
C:\Users\91948\Documents\Q3\Sustainable\requests\src\requests\models.py:379: error: Function is missing a type annotation  [no-untyped-def]
C:\Users\91948\Documents\Q3\Sustainable\requests\src\requests\models.py:382: error: Function is missing a return type annotation  [no-untyped-def]
C:\Users\91948\Documents\Q3\Sustainable\requests\src\requests\models.py:393: error: Function is missing a type annotation  [no-untyped-def]
C:\Users\91948\Documents\Q3\Sustainable\requests\src\requests\models.py:400: error: Function is missing a type annotation  [no-untyped-def]
C:\Users\91948\Documents\Q3\Sustainable\requests\src\requests\models.py:401: error: Cannot find implementation or library stub for module named "idna"  [import-not-found]
C:\Users\91948\Documents\Q3\Sustainable\requests\src\requests\models.py:409: error: Function is missing a type annotation  [no-untyped-def]
C:\Users\91948\Documents\Q3\Sustainable\requests\src\requests\models.py:483: error: Function is missing a type annotation  [no-untyped-def]
C:\Users\91948\Documents\Q3\Sustainable\requests\src\requests\models.py:494: error: Function is missing a type annotation  [no-untyped-def]
C:\Users\91948\Documents\Q3\Sustainable\requests\src\requests\models.py:572: error: Function is missing a type annotation  [no-untyped-def]
C:\Users\91948\Documents\Q3\Sustainable\requests\src\requests\models.py:588: error: Function is missing a type annotation  [no-untyped-def]
C:\Users\91948\Documents\Q3\Sustainable\requests\src\requests\models.py:610: error: Function is missing a type annotation  [no-untyped-def]
C:\Users\91948\Documents\Q3\Sustainable\requests\src\requests\models.py:630: error: Function is missing a type annotation  [no-untyped-def]
C:\Users\91948\Documents\Q3\Sustainable\requests\src\requests\models.py:658: error: Function is missing a return type annotation  [no-untyped-def]
C:\Users\91948\Documents\Q3\Sustainable\requests\src\requests\models.py:658: note: Use "-> None" if function does not return a value
C:\Users\91948\Documents\Q3\Sustainable\requests\src\requests\models.py:705: error: Function is missing a type annotation  [no-untyped-def]
C:\Users\91948\Documents\Q3\Sustainable\requests\src\requests\models.py:708: error: Function is missing a type annotation  [no-untyped-def]
C:\Users\91948\Documents\Q3\Sustainable\requests\src\requests\models.py:711: error: Function is missing a return type annotation  [no-untyped-def]
C:\Users\91948\Documents\Q3\Sustainable\requests\src\requests\models.py:719: error: Function is missing a type annotation  [no-untyped-def]
C:\Users\91948\Documents\Q3\Sustainable\requests\src\requests\models.py:727: error: Function is missing a type annotation  [no-untyped-def]
C:\Users\91948\Documents\Q3\Sustainable\requests\src\requests\models.py:730: error: Function is missing a return type annotation  [no-untyped-def]
C:\Users\91948\Documents\Q3\Sustainable\requests\src\requests\models.py:740: error: Function is missing a return type annotation  [no-untyped-def]
C:\Users\91948\Documents\Q3\Sustainable\requests\src\requests\models.py:750: error: Function is missing a type annotation  [no-untyped-def]
C:\Users\91948\Documents\Q3\Sustainable\requests\src\requests\models.py:755: error: Function is missing a return type annotation  [no-untyped-def]
C:\Users\91948\Documents\Q3\Sustainable\requests\src\requests\models.py:770: error: Function is missing a return type annotation  [no-untyped-def]
C:\Users\91948\Documents\Q3\Sustainable\requests\src\requests\models.py:777: error: Function is missing a return type annotation  [no-untyped-def]
C:\Users\91948\Documents\Q3\Sustainable\requests\src\requests\models.py:785: error: Function is missing a return type annotation  [no-untyped-def]
C:\Users\91948\Documents\Q3\Sustainable\requests\src\requests\models.py:790: error: Function is missing a return type annotation  [no-untyped-def]
C:\Users\91948\Documents\Q3\Sustainable\requests\src\requests\models.py:799: error: Function is missing a type annotation  [no-untyped-def]
C:\Users\91948\Documents\Q3\Sustainable\requests\src\requests\models.py:816: error: Function is missing a return type annotation  [no-untyped-def]
C:\Users\91948\Documents\Q3\Sustainable\requests\src\requests\models.py:857: error: Function is missing a type annotation  [no-untyped-def]
C:\Users\91948\Documents\Q3\Sustainable\requests\src\requests\models.py:891: error: Function is missing a return type annotation  [no-untyped-def]
C:\Users\91948\Documents\Q3\Sustainable\requests\src\requests\models.py:910: error: Function is missing a return type annotation  [no-untyped-def]
C:\Users\91948\Documents\Q3\Sustainable\requests\src\requests\models.py:947: error: Function is missing a type annotation  [no-untyped-def]
C:\Users\91948\Documents\Q3\Sustainable\requests\src\requests\models.py:983: error: Function is missing a return type annotation  [no-untyped-def]
C:\Users\91948\Documents\Q3\Sustainable\requests\src\requests\models.py:999: error: Function is missing a return type annotation  [no-untyped-def]
C:\Users\91948\Documents\Q3\Sustainable\requests\src\requests\models.py:999: note: Use "-> None" if function does not return a value
C:\Users\91948\Documents\Q3\Sustainable\requests\src\requests\models.py:1028: error: Function is missing a return type annotation  [no-untyped-def]
C:\Users\91948\Documents\Q3\Sustainable\requests\src\requests\models.py:1028: note: Use "-> None" if function does not return a value
C:\Users\91948\Documents\Q3\Sustainable\requests\src\requests\adapters.py:14: error: Cannot find implementation or library stub for module named "urllib3.exceptions"  [import-not-found]
C:\Users\91948\Documents\Q3\Sustainable\requests\src\requests\adapters.py:26: error: Cannot find implementation or library stub for module named "urllib3.poolmanager"  [import-not-found]
C:\Users\91948\Documents\Q3\Sustainable\requests\src\requests\adapters.py:27: error: Cannot find implementation or library stub for module named "urllib3.util"  [import-not-found]
C:\Users\91948\Documents\Q3\Sustainable\requests\src\requests\adapters.py:29: error: Cannot find implementation or library stub for module named "urllib3.util.retry"  [import-not-found]
C:\Users\91948\Documents\Q3\Sustainable\requests\src\requests\adapters.py:30: error: Cannot find implementation or library stub for module named "urllib3.util.ssl_"  [import-not-found]
C:\Users\91948\Documents\Q3\Sustainable\requests\src\requests\adapters.py:60: error: Cannot find implementation or library stub for module named "urllib3.contrib.socks"  [import-not-found]
C:\Users\91948\Documents\Q3\Sustainable\requests\src\requests\adapters.py:63: error: Function is missing a type annotation  [no-untyped-def]
C:\Users\91948\Documents\Q3\Sustainable\requests\src\requests\adapters.py:95: error: Invalid type comment or annotation  [valid-type]
C:\Users\91948\Documents\Q3\Sustainable\requests\src\requests\adapters.py:140: error: Function is missing a return type annotation  [no-untyped-def]
C:\Users\91948\Documents\Q3\Sustainable\requests\src\requests\adapters.py:140: note: Use "-> None" if function does not return a value
C:\Users\91948\Documents\Q3\Sustainable\requests\src\requests\adapters.py:143: error: Function is missing a type annotation  [no-untyped-def]
C:\Users\91948\Documents\Q3\Sustainable\requests\src\requests\adapters.py:162: error: Function is missing a return type annotation  [no-untyped-def]
C:\Users\91948\Documents\Q3\Sustainable\requests\src\requests\adapters.py:162: note: Use "-> None" if function does not return a value
C:\Users\91948\Documents\Q3\Sustainable\requests\src\requests\adapters.py:202: error: Function is missing a type annotation  [no-untyped-def]
C:\Users\91948\Documents\Q3\Sustainable\requests\src\requests\adapters.py:224: error: Function is missing a return type annotation  [no-untyped-def]
C:\Users\91948\Documents\Q3\Sustainable\requests\src\requests\adapters.py:227: error: Function is missing a type annotation  [no-untyped-def]
C:\Users\91948\Documents\Q3\Sustainable\requests\src\requests\adapters.py:240: error: Function is missing a type annotation  [no-untyped-def]
C:\Users\91948\Documents\Q3\Sustainable\requests\src\requests\adapters.py:266: error: Function is missing a type annotation  [no-untyped-def]
C:\Users\91948\Documents\Q3\Sustainable\requests\src\requests\adapters.py:304: error: Function is missing a type annotation  [no-untyped-def]
C:\Users\91948\Documents\Q3\Sustainable\requests\src\requests\adapters.py:359: error: Function is missing a type annotation  [no-untyped-def]
C:\Users\91948\Documents\Q3\Sustainable\requests\src\requests\adapters.py:396: error: Function is missing a type annotation  [no-untyped-def]
C:\Users\91948\Documents\Q3\Sustainable\requests\src\requests\adapters.py:446: error: Function is missing a type annotation  [no-untyped-def]
C:\Users\91948\Documents\Q3\Sustainable\requests\src\requests\adapters.py:495: error: Function is missing a type annotation  [no-untyped-def]
C:\Users\91948\Documents\Q3\Sustainable\requests\src\requests\adapters.py:536: error: Function is missing a return type annotation  [no-untyped-def]
C:\Users\91948\Documents\Q3\Sustainable\requests\src\requests\adapters.py:536: note: Use "-> None" if function does not return a value
C:\Users\91948\Documents\Q3\Sustainable\requests\src\requests\adapters.py:546: error: Function is missing a type annotation  [no-untyped-def]
C:\Users\91948\Documents\Q3\Sustainable\requests\src\requests\adapters.py:578: error: Function is missing a type annotation  [no-untyped-def]
C:\Users\91948\Documents\Q3\Sustainable\requests\src\requests\adapters.py:592: error: Function is missing a type annotation  [no-untyped-def]
C:\Users\91948\Documents\Q3\Sustainable\requests\src\requests\adapters.py:613: error: Function is missing a type annotation  [no-untyped-def]
C:\Users\91948\Documents\Q3\Sustainable\requests\src\requests\sessions.py:61: error: Function is missing a type annotation  [no-untyped-def]
C:\Users\91948\Documents\Q3\Sustainable\requests\src\requests\sessions.py:91: error: Function is missing a type annotation  [no-untyped-def]
C:\Users\91948\Documents\Q3\Sustainable\requests\src\requests\sessions.py:107: error: Function is missing a type annotation  [no-untyped-def]
C:\Users\91948\Documents\Q3\Sustainable\requests\src\requests\sessions.py:127: error: Function is missing a type annotation  [no-untyped-def]
C:\Users\91948\Documents\Q3\Sustainable\requests\src\requests\sessions.py:159: error: Function is missing a type annotation  [no-untyped-def]
C:\Users\91948\Documents\Q3\Sustainable\requests\src\requests\sessions.py:282: error: Function is missing a type annotation  [no-untyped-def]
C:\Users\91948\Documents\Q3\Sustainable\requests\src\requests\sessions.py:302: error: Function is missing a type annotation  [no-untyped-def]
C:\Users\91948\Documents\Q3\Sustainable\requests\src\requests\sessions.py:333: error: Function is missing a type annotation  [no-untyped-def]
C:\Users\91948\Documents\Q3\Sustainable\requests\src\requests\sessions.py:390: error: Function is missing a return type annotation  [no-untyped-def]
C:\Users\91948\Documents\Q3\Sustainable\requests\src\requests\sessions.py:390: note: Use "-> None" if function does not return a value
C:\Users\91948\Documents\Q3\Sustainable\requests\src\requests\sessions.py:451: error: Function is missing a type annotation  [no-untyped-def]
C:\Users\91948\Documents\Q3\Sustainable\requests\src\requests\sessions.py:454: error: Function is missing a type annotation  [no-untyped-def]
C:\Users\91948\Documents\Q3\Sustainable\requests\src\requests\sessions.py:457: error: Function is missing a type annotation  [no-untyped-def]
C:\Users\91948\Documents\Q3\Sustainable\requests\src\requests\sessions.py:500: error: Function is missing a type annotation  [no-untyped-def]
C:\Users\91948\Documents\Q3\Sustainable\requests\src\requests\sessions.py:593: error: Function is missing a type annotation  [no-untyped-def]
C:\Users\91948\Documents\Q3\Sustainable\requests\src\requests\sessions.py:604: error: Function is missing a type annotation  [no-untyped-def]
C:\Users\91948\Documents\Q3\Sustainable\requests\src\requests\sessions.py:615: error: Function is missing a type annotation  [no-untyped-def]
C:\Users\91948\Documents\Q3\Sustainable\requests\src\requests\sessions.py:626: error: Function is missing a type annotation  [no-untyped-def]
C:\Users\91948\Documents\Q3\Sustainable\requests\src\requests\sessions.py:639: error: Function is missing a type annotation  [no-untyped-def]
C:\Users\91948\Documents\Q3\Sustainable\requests\src\requests\sessions.py:651: error: Function is missing a type annotation  [no-untyped-def]
C:\Users\91948\Documents\Q3\Sustainable\requests\src\requests\sessions.py:663: error: Function is missing a type annotation  [no-untyped-def]
C:\Users\91948\Documents\Q3\Sustainable\requests\src\requests\sessions.py:673: error: Function is missing a type annotation  [no-untyped-def]
C:\Users\91948\Documents\Q3\Sustainable\requests\src\requests\sessions.py:750: error: Function is missing a type annotation  [no-untyped-def]
C:\Users\91948\Documents\Q3\Sustainable\requests\src\requests\sessions.py:781: error: Function is missing a type annotation  [no-untyped-def]
C:\Users\91948\Documents\Q3\Sustainable\requests\src\requests\sessions.py:794: error: Function is missing a return type annotation  [no-untyped-def]
C:\Users\91948\Documents\Q3\Sustainable\requests\src\requests\sessions.py:794: note: Use "-> None" if function does not return a value
C:\Users\91948\Documents\Q3\Sustainable\requests\src\requests\sessions.py:799: error: Function is missing a type annotation  [no-untyped-def]
C:\Users\91948\Documents\Q3\Sustainable\requests\src\requests\sessions.py:810: error: Function is missing a return type annotation  [no-untyped-def]
C:\Users\91948\Documents\Q3\Sustainable\requests\src\requests\sessions.py:814: error: Function is missing a type annotation  [no-untyped-def]
C:\Users\91948\Documents\Q3\Sustainable\requests\src\requests\sessions.py:819: error: Function is missing a return type annotation  [no-untyped-def]
C:\Users\91948\Documents\Q3\Sustainable\requests\src\requests\api.py:14: error: Function is missing a type annotation  [no-untyped-def]
C:\Users\91948\Documents\Q3\Sustainable\requests\src\requests\api.py:62: error: Function is missing a type annotation  [no-untyped-def]
C:\Users\91948\Documents\Q3\Sustainable\requests\src\requests\api.py:76: error: Function is missing a type annotation  [no-untyped-def]
C:\Users\91948\Documents\Q3\Sustainable\requests\src\requests\api.py:88: error: Function is missing a type annotation  [no-untyped-def]
C:\Users\91948\Documents\Q3\Sustainable\requests\src\requests\api.py:103: error: Function is missing a type annotation  [no-untyped-def]
C:\Users\91948\Documents\Q3\Sustainable\requests\src\requests\api.py:118: error: Function is missing a type annotation  [no-untyped-def]
C:\Users\91948\Documents\Q3\Sustainable\requests\src\requests\api.py:133: error: Function is missing a type annotation  [no-untyped-def]
C:\Users\91948\Documents\Q3\Sustainable\requests\src\requests\api.py:148: error: Function is missing a type annotation  [no-untyped-def]
C:\Users\91948\Documents\Q3\Sustainable\requests\src\requests\__init__.py:43: error: Cannot find implementation or library stub for module named "urllib3"  [import-not-found]
C:\Users\91948\Documents\Q3\Sustainable\requests\src\requests\__init__.py:48: error: Cannot find implementation or library stub for module named "charset_normalizer"  [import-not-found]
C:\Users\91948\Documents\Q3\Sustainable\requests\src\requests\__init__.py:53: error: Cannot find implementation or library stub for module named "chardet"  [import-not-found]
C:\Users\91948\Documents\Q3\Sustainable\requests\src\requests\__init__.py:58: error: Function is missing a type annotation  [no-untyped-def]
C:\Users\91948\Documents\Q3\Sustainable\requests\src\requests\__init__.py:93: error: Function is missing a type annotation  [no-untyped-def]
C:\Users\91948\Documents\Q3\Sustainable\requests\src\requests\__init__.py:128: error: Incompatible types in assignment (expression has type "None", variable has type Module)  [assignment]
C:\Users\91948\Documents\Q3\Sustainable\requests\src\requests\__init__.py:131: error: Cannot find implementation or library stub for module named "urllib3.contrib"  [import-not-found]
C:\Users\91948\Documents\Q3\Sustainable\requests\src\requests\__init__.py:136: error: Cannot find implementation or library stub for module named "cryptography"  [import-not-found]
C:\Users\91948\Documents\Q3\Sustainable\requests\src\requests\__init__.py:143: error: Cannot find implementation or library stub for module named "urllib3.exceptions"  [import-not-found]
C:\Users\91948\Documents\Q3\Sustainable\requests\tests\test_testserver.py:5: error: Cannot find implementation or library stub for module named "pytest"  [import-not-found]
C:\Users\91948\Documents\Q3\Sustainable\requests\tests\test_testserver.py:12: error: Function is missing a return type annotation  [no-untyped-def]
C:\Users\91948\Documents\Q3\Sustainable\requests\tests\test_testserver.py:12: note: Use "-> None" if function does not return a value
C:\Users\91948\Documents\Q3\Sustainable\requests\tests\test_testserver.py:17: error: Function is missing a type annotation  [no-untyped-def]
C:\Users\91948\Documents\Q3\Sustainable\requests\tests\test_testserver.py:30: error: Function is missing a return type annotation  [no-untyped-def]
C:\Users\91948\Documents\Q3\Sustainable\requests\tests\test_testserver.py:30: note: Use "-> None" if function does not return a value
C:\Users\91948\Documents\Q3\Sustainable\requests\tests\test_testserver.py:42: error: Function is missing a return type annotation  [no-untyped-def]
C:\Users\91948\Documents\Q3\Sustainable\requests\tests\test_testserver.py:42: note: Use "-> None" if function does not return a value
C:\Users\91948\Documents\Q3\Sustainable\requests\tests\test_testserver.py:55: error: Function is missing a return type annotation  [no-untyped-def]
C:\Users\91948\Documents\Q3\Sustainable\requests\tests\test_testserver.py:55: note: Use "-> None" if function does not return a value
C:\Users\91948\Documents\Q3\Sustainable\requests\tests\test_testserver.py:63: error: Function is missing a return type annotation  [no-untyped-def]
C:\Users\91948\Documents\Q3\Sustainable\requests\tests\test_testserver.py:63: note: Use "-> None" if function does not return a value
C:\Users\91948\Documents\Q3\Sustainable\requests\tests\test_testserver.py:78: error: Function is missing a return type annotation  [no-untyped-def]
C:\Users\91948\Documents\Q3\Sustainable\requests\tests\test_testserver.py:78: note: Use "-> None" if function does not return a value
C:\Users\91948\Documents\Q3\Sustainable\requests\tests\test_testserver.py:95: error: Function is missing a return type annotation  [no-untyped-def]
C:\Users\91948\Documents\Q3\Sustainable\requests\tests\test_testserver.py:95: note: Use "-> None" if function does not return a value
C:\Users\91948\Documents\Q3\Sustainable\requests\tests\test_testserver.py:117: error: Function is missing a return type annotation  [no-untyped-def]
C:\Users\91948\Documents\Q3\Sustainable\requests\tests\test_testserver.py:117: note: Use "-> None" if function does not return a value
C:\Users\91948\Documents\Q3\Sustainable\requests\tests\test_testserver.py:130: error: Function is missing a return type annotation  [no-untyped-def]
C:\Users\91948\Documents\Q3\Sustainable\requests\tests\test_testserver.py:130: note: Use "-> None" if function does not return a value
C:\Users\91948\Documents\Q3\Sustainable\requests\tests\test_testserver.py:144: error: Function is missing a return type annotation  [no-untyped-def]
C:\Users\91948\Documents\Q3\Sustainable\requests\tests\test_testserver.py:144: note: Use "-> None" if function does not return a value
C:\Users\91948\Documents\Q3\Sustainable\requests\tests\test_testserver.py:156: error: Function is missing a return type annotation  [no-untyped-def]
C:\Users\91948\Documents\Q3\Sustainable\requests\tests\test_testserver.py:156: note: Use "-> None" if function does not return a value
C:\Users\91948\Documents\Q3\Sustainable\requests\tests\test_packages.py:4: error: Function is missing a return type annotation  [no-untyped-def]
C:\Users\91948\Documents\Q3\Sustainable\requests\tests\test_packages.py:4: note: Use "-> None" if function does not return a value
C:\Users\91948\Documents\Q3\Sustainable\requests\tests\test_packages.py:8: error: Function is missing a return type annotation  [no-untyped-def]
C:\Users\91948\Documents\Q3\Sustainable\requests\tests\test_packages.py:8: note: Use "-> None" if function does not return a value
C:\Users\91948\Documents\Q3\Sustainable\requests\tests\test_packages.py:12: error: Function is missing a return type annotation  [no-untyped-def]
C:\Users\91948\Documents\Q3\Sustainable\requests\tests\test_packages.py:12: note: Use "-> None" if function does not return a value
C:\Users\91948\Documents\Q3\Sustainable\requests\tests\test_lowlevel.py:3: error: Cannot find implementation or library stub for module named "pytest"  [import-not-found]
C:\Users\91948\Documents\Q3\Sustainable\requests\tests\test_lowlevel.py:12: error: Function is missing a type annotation  [no-untyped-def]
C:\Users\91948\Documents\Q3\Sustainable\requests\tests\test_lowlevel.py:24: error: Function is missing a return type annotation  [no-untyped-def]
C:\Users\91948\Documents\Q3\Sustainable\requests\tests\test_lowlevel.py:24: note: Use "-> None" if function does not return a value
C:\Users\91948\Documents\Q3\Sustainable\requests\tests\test_lowlevel.py:39: error: Function is missing a return type annotation  [no-untyped-def]
C:\Users\91948\Documents\Q3\Sustainable\requests\tests\test_lowlevel.py:42: error: Function is missing a type annotation  [no-untyped-def]
C:\Users\91948\Documents\Q3\Sustainable\requests\tests\test_lowlevel.py:63: error: Function is missing a return type annotation  [no-untyped-def]
C:\Users\91948\Documents\Q3\Sustainable\requests\tests\test_lowlevel.py:63: note: Use "-> None" if function does not return a value
C:\Users\91948\Documents\Q3\Sustainable\requests\tests\test_lowlevel.py:81: error: Function is missing a return type annotation  [no-untyped-def]
C:\Users\91948\Documents\Q3\Sustainable\requests\tests\test_lowlevel.py:81: note: Use "-> None" if function does not return a value
C:\Users\91948\Documents\Q3\Sustainable\requests\tests\test_lowlevel.py:99: error: Function is missing a return type annotation  [no-untyped-def]
C:\Users\91948\Documents\Q3\Sustainable\requests\tests\test_lowlevel.py:104: error: Function is missing a type annotation  [no-untyped-def]
C:\Users\91948\Documents\Q3\Sustainable\requests\tests\test_lowlevel.py:127: error: Function is missing a return type annotation  [no-untyped-def]
C:\Users\91948\Documents\Q3\Sustainable\requests\tests\test_lowlevel.py:152: error: Function is missing a type annotation  [no-untyped-def]
C:\Users\91948\Documents\Q3\Sustainable\requests\tests\test_lowlevel.py:192: error: Function is missing a return type annotation  [no-untyped-def]
C:\Users\91948\Documents\Q3\Sustainable\requests\tests\test_lowlevel.py:208: error: Function is missing a type annotation  [no-untyped-def]
C:\Users\91948\Documents\Q3\Sustainable\requests\tests\test_lowlevel.py:238: error: Function is missing a return type annotation  [no-untyped-def]
C:\Users\91948\Documents\Q3\Sustainable\requests\tests\test_lowlevel.py:251: error: Function is missing a type annotation  [no-untyped-def]
C:\Users\91948\Documents\Q3\Sustainable\requests\tests\test_lowlevel.py:290: error: Function is missing a type annotation  [no-untyped-def]
C:\Users\91948\Documents\Q3\Sustainable\requests\tests\test_lowlevel.py:308: error: Function is missing a return type annotation  [no-untyped-def]
C:\Users\91948\Documents\Q3\Sustainable\requests\tests\test_lowlevel.py:308: note: Use "-> None" if function does not return a value
C:\Users\91948\Documents\Q3\Sustainable\requests\tests\test_lowlevel.py:313: error: Function is missing a type annotation  [no-untyped-def]
C:\Users\91948\Documents\Q3\Sustainable\requests\tests\test_lowlevel.py:342: error: Function is missing a return type annotation  [no-untyped-def]
C:\Users\91948\Documents\Q3\Sustainable\requests\tests\test_lowlevel.py:342: note: Use "-> None" if function does not return a value
C:\Users\91948\Documents\Q3\Sustainable\requests\tests\test_lowlevel.py:364: error: Function is missing a return type annotation  [no-untyped-def]
C:\Users\91948\Documents\Q3\Sustainable\requests\tests\test_lowlevel.py:364: note: Use "-> None" if function does not return a value
C:\Users\91948\Documents\Q3\Sustainable\requests\tests\test_lowlevel.py:370: error: Function is missing a type annotation  [no-untyped-def]
C:\Users\91948\Documents\Q3\Sustainable\requests\tests\test_lowlevel.py:407: error: Function is missing a return type annotation  [no-untyped-def]
C:\Users\91948\Documents\Q3\Sustainable\requests\tests\test_lowlevel.py:407: note: Use "-> None" if function does not return a value
C:\Users\91948\Documents\Q3\Sustainable\requests\tests\test_lowlevel.py:409: error: Function is missing a type annotation  [no-untyped-def]
C:\Users\91948\Documents\Q3\Sustainable\requests\tests\test_hooks.py:1: error: Cannot find implementation or library stub for module named "pytest"  [import-not-found]
C:\Users\91948\Documents\Q3\Sustainable\requests\tests\test_hooks.py:6: error: Function is missing a type annotation  [no-untyped-def]
C:\Users\91948\Documents\Q3\Sustainable\requests\tests\test_hooks.py:17: error: Function is missing a type annotation  [no-untyped-def]
C:\Users\91948\Documents\Q3\Sustainable\requests\tests\test_hooks.py:21: error: Function is missing a return type annotation  [no-untyped-def]
C:\Users\91948\Documents\Q3\Sustainable\requests\tests\test_hooks.py:21: note: Use "-> None" if function does not return a value
C:\Users\91948\Documents\Q3\Sustainable\requests\tests\test_adapters.py:4: error: Function is missing a return type annotation  [no-untyped-def]
C:\Users\91948\Documents\Q3\Sustainable\requests\tests\test_adapters.py:4: note: Use "-> None" if function does not return a value
C:\Users\91948\Documents\Q3\Sustainable\requests\src\requests\help.py:8: error: Cannot find implementation or library stub for module named "idna"  [import-not-found]
C:\Users\91948\Documents\Q3\Sustainable\requests\src\requests\help.py:9: error: Cannot find implementation or library stub for module named "urllib3"  [import-not-found]
C:\Users\91948\Documents\Q3\Sustainable\requests\src\requests\help.py:14: error: Cannot find implementation or library stub for module named "charset_normalizer"  [import-not-found]
C:\Users\91948\Documents\Q3\Sustainable\requests\src\requests\help.py:19: error: Cannot find implementation or library stub for module named "chardet"  [import-not-found]
C:\Users\91948\Documents\Q3\Sustainable\requests\src\requests\help.py:24: error: Cannot find implementation or library stub for module named "urllib3.contrib"  [import-not-found]
C:\Users\91948\Documents\Q3\Sustainable\requests\src\requests\help.py:30: error: Cannot find implementation or library stub for module named "cryptography"  [import-not-found]
C:\Users\91948\Documents\Q3\Sustainable\requests\src\requests\help.py:30: error: Name "cryptography" already defined on line 28  [no-redef]
C:\Users\91948\Documents\Q3\Sustainable\requests\src\requests\help.py:31: error: Library stubs not installed for "OpenSSL"  [import-untyped]
C:\Users\91948\Documents\Q3\Sustainable\requests\src\requests\help.py:31: note: Hint: "python3 -m pip install types-pyOpenSSL"
C:\Users\91948\Documents\Q3\Sustainable\requests\src\requests\help.py:31: error: Name "OpenSSL" already defined on line 27  [no-redef]
C:\Users\91948\Documents\Q3\Sustainable\requests\src\requests\help.py:34: error: Function is missing a return type annotation  [no-untyped-def]
C:\Users\91948\Documents\Q3\Sustainable\requests\src\requests\help.py:69: error: Function is missing a return type annotation  [no-untyped-def]
C:\Users\91948\Documents\Q3\Sustainable\requests\src\requests\help.py:128: error: Function is missing a return type annotation  [no-untyped-def]
C:\Users\91948\Documents\Q3\Sustainable\requests\src\requests\help.py:128: note: Use "-> None" if function does not return a value
C:\Users\91948\Documents\Q3\Sustainable\requests\docs\conf.py:235: error: Need type annotation for "latex_elements" (hint: "latex_elements: dict[<type>, <type>] = ...")  [var-annotated]
C:\Users\91948\Documents\Q3\Sustainable\requests\tests\test_utils.py:10: error: Cannot find implementation or library stub for module named "pytest"  [import-not-found]
C:\Users\91948\Documents\Q3\Sustainable\requests\tests\test_utils.py:60: error: Function is missing a type annotation  [no-untyped-def]
C:\Users\91948\Documents\Q3\Sustainable\requests\tests\test_utils.py:65: error: Function is missing a return type annotation  [no-untyped-def]
C:\Users\91948\Documents\Q3\Sustainable\requests\tests\test_utils.py:65: note: Use "-> None" if function does not return a value
C:\Users\91948\Documents\Q3\Sustainable\requests\tests\test_utils.py:72: error: Function is missing a type annotation  [no-untyped-def]
C:\Users\91948\Documents\Q3\Sustainable\requests\tests\test_utils.py:76: error: Function is missing a type annotation  [no-untyped-def]
C:\Users\91948\Documents\Q3\Sustainable\requests\tests\test_utils.py:79: error: Function is missing a return type annotation  [no-untyped-def]
C:\Users\91948\Documents\Q3\Sustainable\requests\tests\test_utils.py:79: note: Use "-> None" if function does not return a value
C:\Users\91948\Documents\Q3\Sustainable\requests\tests\test_utils.py:85: error: Function is missing a type annotation  [no-untyped-def]
C:\Users\91948\Documents\Q3\Sustainable\requests\tests\test_utils.py:89: error: Function is missing a return type annotation  [no-untyped-def]
C:\Users\91948\Documents\Q3\Sustainable\requests\tests\test_utils.py:89: note: Use "-> None" if function does not return a value
C:\Users\91948\Documents\Q3\Sustainable\requests\tests\test_utils.py:92: error: Function is missing a type annotation  [no-untyped-def]
C:\Users\91948\Documents\Q3\Sustainable\requests\tests\test_utils.py:97: error: Function is missing a return type annotation  [no-untyped-def]
C:\Users\91948\Documents\Q3\Sustainable\requests\tests\test_utils.py:97: note: Use "-> None" if function does not return a value
C:\Users\91948\Documents\Q3\Sustainable\requests\tests\test_utils.py:107: error: Function is missing a type annotation  [no-untyped-def]
C:\Users\91948\Documents\Q3\Sustainable\requests\tests\test_utils.py:114: error: Function is missing a type annotation  [no-untyped-def]
C:\Users\91948\Documents\Q3\Sustainable\requests\tests\test_utils.py:126: error: Function is missing a return type annotation  [no-untyped-def]
C:\Users\91948\Documents\Q3\Sustainable\requests\tests\test_utils.py:126: note: Use "-> None" if function does not return a value
C:\Users\91948\Documents\Q3\Sustainable\requests\tests\test_utils.py:131: error: Function is missing a return type annotation  [no-untyped-def]
C:\Users\91948\Documents\Q3\Sustainable\requests\tests\test_utils.py:131: note: Use "-> None" if function does not return a value
C:\Users\91948\Documents\Q3\Sustainable\requests\tests\test_utils.py:133: error: Function is missing a return type annotation  [no-untyped-def]
C:\Users\91948\Documents\Q3\Sustainable\requests\tests\test_utils.py:133: note: Use "-> None" if function does not return a value
C:\Users\91948\Documents\Q3\Sustainable\requests\tests\test_utils.py:138: error: Function is missing a return type annotation  [no-untyped-def]
C:\Users\91948\Documents\Q3\Sustainable\requests\tests\test_utils.py:138: note: Use "-> None" if function does not return a value
C:\Users\91948\Documents\Q3\Sustainable\requests\tests\test_utils.py:144: error: Function is missing a return type annotation  [no-untyped-def]
C:\Users\91948\Documents\Q3\Sustainable\requests\tests\test_utils.py:144: note: Use "-> None" if function does not return a value
C:\Users\91948\Documents\Q3\Sustainable\requests\tests\test_utils.py:150: error: Function is missing a return type annotation  [no-untyped-def]
C:\Users\91948\Documents\Q3\Sustainable\requests\tests\test_utils.py:150: note: Use "-> None" if function does not return a value
C:\Users\91948\Documents\Q3\Sustainable\requests\tests\test_utils.py:165: error: Function is missing a type annotation  [no-untyped-def]
C:\Users\91948\Documents\Q3\Sustainable\requests\tests\test_utils.py:168: error: Function is missing a return type annotation  [no-untyped-def]
C:\Users\91948\Documents\Q3\Sustainable\requests\tests\test_utils.py:168: note: Use "-> None" if function does not return a value
C:\Users\91948\Documents\Q3\Sustainable\requests\tests\test_utils.py:184: error: Function is missing a type annotation  [no-untyped-def]
C:\Users\91948\Documents\Q3\Sustainable\requests\tests\test_utils.py:187: error: Function is missing a return type annotation  [no-untyped-def]
C:\Users\91948\Documents\Q3\Sustainable\requests\tests\test_utils.py:187: note: Use "-> None" if function does not return a value
C:\Users\91948\Documents\Q3\Sustainable\requests\tests\test_utils.py:197: error: Function is missing a type annotation  [no-untyped-def]
C:\Users\91948\Documents\Q3\Sustainable\requests\tests\test_utils.py:212: error: Function is missing a type annotation  [no-untyped-def]
C:\Users\91948\Documents\Q3\Sustainable\requests\tests\test_utils.py:223: error: Function is missing a type annotation  [no-untyped-def]
C:\Users\91948\Documents\Q3\Sustainable\requests\tests\test_utils.py:234: error: Function is missing a type annotation  [no-untyped-def]
C:\Users\91948\Documents\Q3\Sustainable\requests\tests\test_utils.py:248: error: Function is missing a type annotation  [no-untyped-def]
C:\Users\91948\Documents\Q3\Sustainable\requests\tests\test_utils.py:257: error: Function is missing a return type annotation  [no-untyped-def]
C:\Users\91948\Documents\Q3\Sustainable\requests\tests\test_utils.py:257: note: Use "-> None" if function does not return a value
C:\Users\91948\Documents\Q3\Sustainable\requests\tests\test_utils.py:261: error: Function is missing a type annotation  [no-untyped-def]
C:\Users\91948\Documents\Q3\Sustainable\requests\tests\test_utils.py:266: error: Function is missing a return type annotation  [no-untyped-def]
C:\Users\91948\Documents\Q3\Sustainable\requests\tests\test_utils.py:266: note: Use "-> None" if function does not return a value
C:\Users\91948\Documents\Q3\Sustainable\requests\tests\test_utils.py:279: error: Function is missing a type annotation  [no-untyped-def]
C:\Users\91948\Documents\Q3\Sustainable\requests\tests\test_utils.py:284: error: Function is missing a return type annotation  [no-untyped-def]
C:\Users\91948\Documents\Q3\Sustainable\requests\tests\test_utils.py:284: note: Use "-> None" if function does not return a value
C:\Users\91948\Documents\Q3\Sustainable\requests\tests\test_utils.py:287: error: Function is missing a return type annotation  [no-untyped-def]
C:\Users\91948\Documents\Q3\Sustainable\requests\tests\test_utils.py:287: note: Use "-> None" if function does not return a value
C:\Users\91948\Documents\Q3\Sustainable\requests\tests\test_utils.py:296: error: Function is missing a type annotation  [no-untyped-def]
C:\Users\91948\Documents\Q3\Sustainable\requests\tests\test_utils.py:306: error: Function is missing a type annotation  [no-untyped-def]
C:\Users\91948\Documents\Q3\Sustainable\requests\tests\test_utils.py:323: error: Function is missing a type annotation  [no-untyped-def]
C:\Users\91948\Documents\Q3\Sustainable\requests\tests\test_utils.py:326: error: Function is missing a type annotation  [no-untyped-def]
C:\Users\91948\Documents\Q3\Sustainable\requests\tests\test_utils.py:339: error: Function is missing a return type annotation  [no-untyped-def]
C:\Users\91948\Documents\Q3\Sustainable\requests\tests\test_utils.py:339: note: Use "-> None" if function does not return a value
C:\Users\91948\Documents\Q3\Sustainable\requests\tests\test_utils.py:345: error: Function is missing a return type annotation  [no-untyped-def]
C:\Users\91948\Documents\Q3\Sustainable\requests\tests\test_utils.py:345: note: Use "-> None" if function does not return a value
C:\Users\91948\Documents\Q3\Sustainable\requests\tests\test_utils.py:362: error: Function is missing a type annotation  [no-untyped-def]
C:\Users\91948\Documents\Q3\Sustainable\requests\tests\test_utils.py:367: error: Function is missing a return type annotation  [no-untyped-def]
C:\Users\91948\Documents\Q3\Sustainable\requests\tests\test_utils.py:367: note: Use "-> None" if function does not return a value
C:\Users\91948\Documents\Q3\Sustainable\requests\tests\test_utils.py:390: error: Function is missing a type annotation  [no-untyped-def]
C:\Users\91948\Documents\Q3\Sustainable\requests\tests\test_utils.py:394: error: Function is missing a return type annotation  [no-untyped-def]
C:\Users\91948\Documents\Q3\Sustainable\requests\tests\test_utils.py:394: note: Use "-> None" if function does not return a value
C:\Users\91948\Documents\Q3\Sustainable\requests\tests\test_utils.py:406: error: Function is missing a type annotation  [no-untyped-def]
C:\Users\91948\Documents\Q3\Sustainable\requests\tests\test_utils.py:440: error: Function is missing a type annotation  [no-untyped-def]
C:\Users\91948\Documents\Q3\Sustainable\requests\tests\test_utils.py:459: error: Function is missing a type annotation  [no-untyped-def]
C:\Users\91948\Documents\Q3\Sustainable\requests\tests\test_utils.py:479: error: Function is missing a type annotation  [no-untyped-def]
C:\Users\91948\Documents\Q3\Sustainable\requests\tests\test_utils.py:491: error: Function is missing a type annotation  [no-untyped-def]
C:\Users\91948\Documents\Q3\Sustainable\requests\tests\test_utils.py:531: error: Function is missing a type annotation  [no-untyped-def]
C:\Users\91948\Documents\Q3\Sustainable\requests\tests\test_utils.py:543: error: Function is missing a type annotation  [no-untyped-def]
C:\Users\91948\Documents\Q3\Sustainable\requests\tests\test_utils.py:607: error: Function is missing a type annotation  [no-untyped-def]
C:\Users\91948\Documents\Q3\Sustainable\requests\tests\test_utils.py:622: error: Function is missing a type annotation  [no-untyped-def]
C:\Users\91948\Documents\Q3\Sustainable\requests\tests\test_utils.py:637: error: Function is missing a type annotation  [no-untyped-def]
C:\Users\91948\Documents\Q3\Sustainable\requests\tests\test_utils.py:664: error: Function is missing a type annotation  [no-untyped-def]
C:\Users\91948\Documents\Q3\Sustainable\requests\tests\test_utils.py:681: error: Function is missing a type annotation  [no-untyped-def]
C:\Users\91948\Documents\Q3\Sustainable\requests\tests\test_utils.py:693: error: Function is missing a type annotation  [no-untyped-def]
C:\Users\91948\Documents\Q3\Sustainable\requests\tests\test_utils.py:708: error: Function is missing a type annotation  [no-untyped-def]
C:\Users\91948\Documents\Q3\Sustainable\requests\tests\test_utils.py:727: error: Function is missing a type annotation  [no-untyped-def]
C:\Users\91948\Documents\Q3\Sustainable\requests\tests\test_utils.py:755: error: Function is missing a type annotation  [no-untyped-def]
C:\Users\91948\Documents\Q3\Sustainable\requests\tests\test_utils.py:771: error: Function is missing a type annotation  [no-untyped-def]
C:\Users\91948\Documents\Q3\Sustainable\requests\tests\test_utils.py:789: error: Function is missing a type annotation  [no-untyped-def]
C:\Users\91948\Documents\Q3\Sustainable\requests\tests\test_utils.py:806: error: Function is missing a type annotation  [no-untyped-def]
C:\Users\91948\Documents\Q3\Sustainable\requests\tests\test_utils.py:831: error: Function is missing a type annotation  [no-untyped-def]
C:\Users\91948\Documents\Q3\Sustainable\requests\tests\test_utils.py:840: error: Function is missing a return type annotation  [no-untyped-def]
C:\Users\91948\Documents\Q3\Sustainable\requests\tests\test_utils.py:840: note: Use "-> None" if function does not return a value
C:\Users\91948\Documents\Q3\Sustainable\requests\tests\test_utils.py:846: error: Function is missing a type annotation  [no-untyped-def]
C:\Users\91948\Documents\Q3\Sustainable\requests\tests\test_utils.py:849: error: Function is missing a type annotation  [no-untyped-def]
C:\Users\91948\Documents\Q3\Sustainable\requests\tests\test_utils.py:869: error: Function is missing a type annotation  [no-untyped-def]
C:\Users\91948\Documents\Q3\Sustainable\requests\tests\test_utils.py:876: error: Function is missing a return type annotation  [no-untyped-def]
C:\Users\91948\Documents\Q3\Sustainable\requests\tests\test_utils.py:876: note: Use "-> None" if function does not return a value
C:\Users\91948\Documents\Q3\Sustainable\requests\tests\test_utils.py:881: error: Function is missing a type annotation  [no-untyped-def]
C:\Users\91948\Documents\Q3\Sustainable\requests\tests\test_utils.py:884: error: Function is missing a type annotation  [no-untyped-def]
C:\Users\91948\Documents\Q3\Sustainable\requests\tests\test_utils.py:910: error: Function is missing a type annotation  [no-untyped-def]
C:\Users\91948\Documents\Q3\Sustainable\requests\tests\test_utils.py:919: error: Function is missing a return type annotation  [no-untyped-def]
C:\Users\91948\Documents\Q3\Sustainable\requests\tests\test_utils.py:919: note: Use "-> None" if function does not return a value
C:\Users\91948\Documents\Q3\Sustainable\requests\tests\test_utils.py:930: error: Function is missing a type annotation  [no-untyped-def]
C:\Users\91948\Documents\Q3\Sustainable\requests\tests\test_utils.py:937: error: Function is missing a return type annotation  [no-untyped-def]
C:\Users\91948\Documents\Q3\Sustainable\requests\tests\test_utils.py:937: note: Use "-> None" if function does not return a value
C:\Users\91948\Documents\Q3\Sustainable\requests\tests\test_utils.py:942: error: Function is missing a type annotation  [no-untyped-def]
C:\Users\91948\Documents\Q3\Sustainable\requests\tests\test_utils.py:945: error: Function is missing a type annotation  [no-untyped-def]
C:\Users\91948\Documents\Q3\Sustainable\requests\tests\test_requests.py:14: error: Cannot find implementation or library stub for module named "pytest"  [import-not-found]
C:\Users\91948\Documents\Q3\Sustainable\requests\tests\test_requests.py:15: error: Cannot find implementation or library stub for module named "urllib3"  [import-not-found]
C:\Users\91948\Documents\Q3\Sustainable\requests\tests\test_requests.py:16: error: Cannot find implementation or library stub for module named "urllib3.util"  [import-not-found]
C:\Users\91948\Documents\Q3\Sustainable\requests\tests\test_requests.py:84: error: Function is missing a return type annotation  [no-untyped-def]
C:\Users\91948\Documents\Q3\Sustainable\requests\tests\test_requests.py:84: note: Use "-> None" if function does not return a value
C:\Users\91948\Documents\Q3\Sustainable\requests\tests\test_requests.py:94: error: Cannot find implementation or library stub for module named "requests.packages.urllib3.poolmanager"  [import-not-found]
C:\Users\91948\Documents\Q3\Sustainable\requests\tests\test_requests.py:108: error: Function is missing a type annotation  [no-untyped-def]
C:\Users\91948\Documents\Q3\Sustainable\requests\tests\test_requests.py:112: error: Function is missing a return type annotation  [no-untyped-def]
C:\Users\91948\Documents\Q3\Sustainable\requests\tests\test_requests.py:112: note: Use "-> None" if function does not return a value
C:\Users\91948\Documents\Q3\Sustainable\requests\tests\test_requests.py:122: error: Function is missing a type annotation  [no-untyped-def]
C:\Users\91948\Documents\Q3\Sustainable\requests\tests\test_requests.py:127: error: Function is missing a type annotation  [no-untyped-def]
C:\Users\91948\Documents\Q3\Sustainable\requests\tests\test_requests.py:132: error: Function is missing a type annotation  [no-untyped-def]
C:\Users\91948\Documents\Q3\Sustainable\requests\tests\test_requests.py:136: error: Function is missing a type annotation  [no-untyped-def]
C:\Users\91948\Documents\Q3\Sustainable\requests\tests\test_requests.py:142: error: Function is missing a return type annotation  [no-untyped-def]
C:\Users\91948\Documents\Q3\Sustainable\requests\tests\test_requests.py:142: note: Use "-> None" if function does not return a value
C:\Users\91948\Documents\Q3\Sustainable\requests\tests\test_requests.py:160: error: Function is missing a type annotation  [no-untyped-def]
C:\Users\91948\Documents\Q3\Sustainable\requests\tests\test_requests.py:164: error: Function is missing a return type annotation  [no-untyped-def]
C:\Users\91948\Documents\Q3\Sustainable\requests\tests\test_requests.py:164: note: Use "-> None" if function does not return a value
C:\Users\91948\Documents\Q3\Sustainable\requests\tests\test_requests.py:175: error: Function is missing a return type annotation  [no-untyped-def]
C:\Users\91948\Documents\Q3\Sustainable\requests\tests\test_requests.py:175: note: Use "-> None" if function does not return a value
C:\Users\91948\Documents\Q3\Sustainable\requests\tests\test_requests.py:181: error: Function is missing a return type annotation  [no-untyped-def]
C:\Users\91948\Documents\Q3\Sustainable\requests\tests\test_requests.py:181: note: Use "-> None" if function does not return a value
C:\Users\91948\Documents\Q3\Sustainable\requests\tests\test_requests.py:187: error: Function is missing a return type annotation  [no-untyped-def]
C:\Users\91948\Documents\Q3\Sustainable\requests\tests\test_requests.py:187: note: Use "-> None" if function does not return a value
C:\Users\91948\Documents\Q3\Sustainable\requests\tests\test_requests.py:193: error: Function is missing a type annotation  [no-untyped-def]
C:\Users\91948\Documents\Q3\Sustainable\requests\tests\test_requests.py:202: error: Function is missing a type annotation  [no-untyped-def]
C:\Users\91948\Documents\Q3\Sustainable\requests\tests\test_requests.py:211: error: Function is missing a type annotation  [no-untyped-def]
C:\Users\91948\Documents\Q3\Sustainable\requests\tests\test_requests.py:217: error: Function is missing a type annotation  [no-untyped-def]
C:\Users\91948\Documents\Q3\Sustainable\requests\tests\test_requests.py:228: error: Function is missing a type annotation  [no-untyped-def]
C:\Users\91948\Documents\Q3\Sustainable\requests\tests\test_requests.py:240: error: Function is missing a type annotation  [no-untyped-def]
C:\Users\91948\Documents\Q3\Sustainable\requests\tests\test_requests.py:251: error: Function is missing a type annotation  [no-untyped-def]
C:\Users\91948\Documents\Q3\Sustainable\requests\tests\test_requests.py:266: error: Function is missing a type annotation  [no-untyped-def]
C:\Users\91948\Documents\Q3\Sustainable\requests\tests\test_requests.py:273: error: Function is missing a type annotation  [no-untyped-def]
C:\Users\91948\Documents\Q3\Sustainable\requests\tests\test_requests.py:281: error: Function is missing a type annotation  [no-untyped-def]
C:\Users\91948\Documents\Q3\Sustainable\requests\tests\test_requests.py:288: error: Function is missing a type annotation  [no-untyped-def]
C:\Users\91948\Documents\Q3\Sustainable\requests\tests\test_requests.py:295: error: Function is missing a type annotation  [no-untyped-def]
C:\Users\91948\Documents\Q3\Sustainable\requests\tests\test_requests.py:302: error: Function is missing a type annotation  [no-untyped-def]
C:\Users\91948\Documents\Q3\Sustainable\requests\tests\test_requests.py:309: error: Function is missing a type annotation  [no-untyped-def]
C:\Users\91948\Documents\Q3\Sustainable\requests\tests\test_requests.py:326: error: Function is missing a type annotation  [no-untyped-def]
C:\Users\91948\Documents\Q3\Sustainable\requests\tests\test_requests.py:349: error: Function is missing a type annotation  [no-untyped-def]
C:\Users\91948\Documents\Q3\Sustainable\requests\tests\test_requests.py:357: error: Function is missing a type annotation  [no-untyped-def]
C:\Users\91948\Documents\Q3\Sustainable\requests\tests\test_requests.py:365: error: Function is missing a type annotation  [no-untyped-def]
C:\Users\91948\Documents\Q3\Sustainable\requests\tests\test_requests.py:373: error: Function is missing a type annotation  [no-untyped-def]
C:\Users\91948\Documents\Q3\Sustainable\requests\tests\test_requests.py:379: error: Function is missing a type annotation  [no-untyped-def]
C:\Users\91948\Documents\Q3\Sustainable\requests\tests\test_requests.py:385: error: Function is missing a type annotation  [no-untyped-def]
C:\Users\91948\Documents\Q3\Sustainable\requests\tests\test_requests.py:395: error: Function is missing a type annotation  [no-untyped-def]
C:\Users\91948\Documents\Q3\Sustainable\requests\tests\test_requests.py:400: error: Function is missing a type annotation  [no-untyped-def]
C:\Users\91948\Documents\Q3\Sustainable\requests\tests\test_requests.py:406: error: Function is missing a type annotation  [no-untyped-def]
C:\Users\91948\Documents\Q3\Sustainable\requests\tests\test_requests.py:414: error: Function is missing a type annotation  [no-untyped-def]
C:\Users\91948\Documents\Q3\Sustainable\requests\tests\test_requests.py:420: error: Function is missing a type annotation  [no-untyped-def]
C:\Users\91948\Documents\Q3\Sustainable\requests\tests\test_requests.py:431: error: Function is missing a type annotation  [no-untyped-def]
C:\Users\91948\Documents\Q3\Sustainable\requests\tests\test_requests.py:439: error: Function is missing a type annotation  [no-untyped-def]
C:\Users\91948\Documents\Q3\Sustainable\requests\tests\test_requests.py:471: error: Function is missing a type annotation  [no-untyped-def]
C:\Users\91948\Documents\Q3\Sustainable\requests\tests\test_requests.py:477: error: Function is missing a type annotation  [no-untyped-def]
C:\Users\91948\Documents\Q3\Sustainable\requests\tests\test_requests.py:485: error: Function is missing a type annotation  [no-untyped-def]
C:\Users\91948\Documents\Q3\Sustainable\requests\tests\test_requests.py:493: error: Function is missing a type annotation  [no-untyped-def]
C:\Users\91948\Documents\Q3\Sustainable\requests\tests\test_requests.py:514: error: Function is missing a type annotation  [no-untyped-def]
C:\Users\91948\Documents\Q3\Sustainable\requests\tests\test_requests.py:520: error: Function is missing a type annotation  [no-untyped-def]
C:\Users\91948\Documents\Q3\Sustainable\requests\tests\test_requests.py:524: error: Function is missing a type annotation  [no-untyped-def]
C:\Users\91948\Documents\Q3\Sustainable\requests\tests\test_requests.py:528: error: Function is missing a type annotation  [no-untyped-def]
C:\Users\91948\Documents\Q3\Sustainable\requests\tests\test_requests.py:552: error: Function is missing a type annotation  [no-untyped-def]
C:\Users\91948\Documents\Q3\Sustainable\requests\tests\test_requests.py:561: error: Function is missing a return type annotation  [no-untyped-def]
C:\Users\91948\Documents\Q3\Sustainable\requests\tests\test_requests.py:561: note: Use "-> None" if function does not return a value
C:\Users\91948\Documents\Q3\Sustainable\requests\tests\test_requests.py:582: error: Function is missing a type annotation  [no-untyped-def]
C:\Users\91948\Documents\Q3\Sustainable\requests\tests\test_requests.py:586: error: Function is missing a return type annotation  [no-untyped-def]
C:\Users\91948\Documents\Q3\Sustainable\requests\tests\test_requests.py:586: note: Use "-> None" if function does not return a value
C:\Users\91948\Documents\Q3\Sustainable\requests\tests\test_requests.py:593: error: Function is missing a type annotation  [no-untyped-def]
C:\Users\91948\Documents\Q3\Sustainable\requests\tests\test_requests.py:606: error: Function is missing a type annotation  [no-untyped-def]
C:\Users\91948\Documents\Q3\Sustainable\requests\tests\test_requests.py:613: error: Function is missing a type annotation  [no-untyped-def]
C:\Users\91948\Documents\Q3\Sustainable\requests\tests\test_requests.py:621: error: Function is missing a type annotation  [no-untyped-def]
C:\Users\91948\Documents\Q3\Sustainable\requests\tests\test_requests.py:630: error: Function is missing a type annotation  [no-untyped-def]
C:\Users\91948\Documents\Q3\Sustainable\requests\tests\test_requests.py:636: error: Function is missing a type annotation  [no-untyped-def]
C:\Users\91948\Documents\Q3\Sustainable\requests\tests\test_requests.py:642: error: Function is missing a type annotation  [no-untyped-def]
C:\Users\91948\Documents\Q3\Sustainable\requests\tests\test_requests.py:658: error: Function is missing a type annotation  [no-untyped-def]
C:\Users\91948\Documents\Q3\Sustainable\requests\tests\test_requests.py:672: error: Function is missing a type annotation  [no-untyped-def]
C:\Users\91948\Documents\Q3\Sustainable\requests\tests\test_requests.py:681: error: Function is missing a type annotation  [no-untyped-def]
C:\Users\91948\Documents\Q3\Sustainable\requests\tests\test_requests.py:707: error: Function is missing a type annotation  [no-untyped-def]
C:\Users\91948\Documents\Q3\Sustainable\requests\tests\test_requests.py:724: error: Function is missing a type annotation  [no-untyped-def]
C:\Users\91948\Documents\Q3\Sustainable\requests\tests\test_requests.py:734: error: Function is missing a type annotation  [no-untyped-def]
C:\Users\91948\Documents\Q3\Sustainable\requests\tests\test_requests.py:742: error: Function is missing a type annotation  [no-untyped-def]
C:\Users\91948\Documents\Q3\Sustainable\requests\tests\test_requests.py:753: error: Function is missing a type annotation  [no-untyped-def]
C:\Users\91948\Documents\Q3\Sustainable\requests\tests\test_requests.py:769: error: Function is missing a type annotation  [no-untyped-def]
C:\Users\91948\Documents\Q3\Sustainable\requests\tests\test_requests.py:777: error: Function is missing a type annotation  [no-untyped-def]
C:\Users\91948\Documents\Q3\Sustainable\requests\tests\test_requests.py:794: error: Function is missing a type annotation  [no-untyped-def]
C:\Users\91948\Documents\Q3\Sustainable\requests\tests\test_requests.py:800: error: Function is missing a type annotation  [no-untyped-def]
C:\Users\91948\Documents\Q3\Sustainable\requests\tests\test_requests.py:802: error: Function is missing a type annotation  [no-untyped-def]
C:\Users\91948\Documents\Q3\Sustainable\requests\tests\test_requests.py:807: error: Function is missing a type annotation  [no-untyped-def]
C:\Users\91948\Documents\Q3\Sustainable\requests\tests\test_requests.py:810: error: Function is missing a type annotation  [no-untyped-def]
C:\Users\91948\Documents\Q3\Sustainable\requests\tests\test_requests.py:819: error: Function is missing a return type annotation  [no-untyped-def]
C:\Users\91948\Documents\Q3\Sustainable\requests\tests\test_requests.py:822: error: Function is missing a type annotation  [no-untyped-def]
C:\Users\91948\Documents\Q3\Sustainable\requests\tests\test_requests.py:841: error: Function is missing a type annotation  [no-untyped-def]
C:\Users\91948\Documents\Q3\Sustainable\requests\tests\test_requests.py:858: error: Function is missing a type annotation  [no-untyped-def]
C:\Users\91948\Documents\Q3\Sustainable\requests\tests\test_requests.py:860: error: Function is missing a type annotation  [no-untyped-def]
C:\Users\91948\Documents\Q3\Sustainable\requests\tests\test_requests.py:863: error: Function is missing a type annotation  [no-untyped-def]
C:\Users\91948\Documents\Q3\Sustainable\requests\tests\test_requests.py:866: error: Function is missing a type annotation  [no-untyped-def]
C:\Users\91948\Documents\Q3\Sustainable\requests\tests\test_requests.py:869: error: Function is missing a type annotation  [no-untyped-def]
C:\Users\91948\Documents\Q3\Sustainable\requests\tests\test_requests.py:872: error: Function is missing a type annotation  [no-untyped-def]
C:\Users\91948\Documents\Q3\Sustainable\requests\tests\test_requests.py:875: error: Function is missing a type annotation  [no-untyped-def]
C:\Users\91948\Documents\Q3\Sustainable\requests\tests\test_requests.py:883: error: Function is missing a type annotation  [no-untyped-def]
C:\Users\91948\Documents\Q3\Sustainable\requests\tests\test_requests.py:889: error: Function is missing a type annotation  [no-untyped-def]
C:\Users\91948\Documents\Q3\Sustainable\requests\tests\test_requests.py:893: error: Function is missing a type annotation  [no-untyped-def]
C:\Users\91948\Documents\Q3\Sustainable\requests\tests\test_requests.py:901: error: Function is missing a type annotation  [no-untyped-def]
C:\Users\91948\Documents\Q3\Sustainable\requests\tests\test_requests.py:915: error: Function is missing a type annotation  [no-untyped-def]
C:\Users\91948\Documents\Q3\Sustainable\requests\tests\test_requests.py:918: error: Function is missing a type annotation  [no-untyped-def]
C:\Users\91948\Documents\Q3\Sustainable\requests\tests\test_requests.py:925: error: Function is missing a type annotation  [no-untyped-def]
C:\Users\91948\Documents\Q3\Sustainable\requests\tests\test_requests.py:928: error: Function is missing a type annotation  [no-untyped-def]
C:\Users\91948\Documents\Q3\Sustainable\requests\tests\test_requests.py:938: error: Function is missing a type annotation  [no-untyped-def]
C:\Users\91948\Documents\Q3\Sustainable\requests\tests\test_requests.py:979: error: Function is missing a type annotation  [no-untyped-def]
C:\Users\91948\Documents\Q3\Sustainable\requests\tests\test_requests.py:987: error: Function is missing a type annotation  [no-untyped-def]
C:\Users\91948\Documents\Q3\Sustainable\requests\tests\test_requests.py:995: error: Function is missing a type annotation  [no-untyped-def]
C:\Users\91948\Documents\Q3\Sustainable\requests\tests\test_requests.py:1020: error: Function is missing a type annotation  [no-untyped-def]
C:\Users\91948\Documents\Q3\Sustainable\requests\tests\test_requests.py:1029: error: Function is missing a type annotation  [no-untyped-def]
C:\Users\91948\Documents\Q3\Sustainable\requests\tests\test_requests.py:1034: error: Function is missing a type annotation  [no-untyped-def]
C:\Users\91948\Documents\Q3\Sustainable\requests\tests\test_requests.py:1041: error: Function is missing a type annotation  [no-untyped-def]
C:\Users\91948\Documents\Q3\Sustainable\requests\tests\test_requests.py:1060: error: Function is missing a type annotation  [no-untyped-def]
C:\Users\91948\Documents\Q3\Sustainable\requests\tests\test_requests.py:1069: error: Function is missing a type annotation  [no-untyped-def]
C:\Users\91948\Documents\Q3\Sustainable\requests\tests\test_requests.py:1083: error: Function is missing a type annotation  [no-untyped-def]
C:\Users\91948\Documents\Q3\Sustainable\requests\tests\test_requests.py:1093: error: Function is missing a type annotation  [no-untyped-def]
C:\Users\91948\Documents\Q3\Sustainable\requests\tests\test_requests.py:1105: error: Function is missing a return type annotation  [no-untyped-def]
C:\Users\91948\Documents\Q3\Sustainable\requests\tests\test_requests.py:1105: note: Use "-> None" if function does not return a value
C:\Users\91948\Documents\Q3\Sustainable\requests\tests\test_requests.py:1113: error: Function is missing a type annotation  [no-untyped-def]
C:\Users\91948\Documents\Q3\Sustainable\requests\tests\test_requests.py:1125: error: Function is missing a type annotation  [no-untyped-def]
C:\Users\91948\Documents\Q3\Sustainable\requests\tests\test_requests.py:1126: error: Function is missing a type annotation  [no-untyped-def]
C:\Users\91948\Documents\Q3\Sustainable\requests\tests\test_requests.py:1135: error: Function is missing a type annotation  [no-untyped-def]
C:\Users\91948\Documents\Q3\Sustainable\requests\tests\test_requests.py:1136: error: Function is missing a type annotation  [no-untyped-def]
C:\Users\91948\Documents\Q3\Sustainable\requests\tests\test_requests.py:1146: error: Function is missing a type annotation  [no-untyped-def]
C:\Users\91948\Documents\Q3\Sustainable\requests\tests\test_requests.py:1147: error: Function is missing a type annotation  [no-untyped-def]
C:\Users\91948\Documents\Q3\Sustainable\requests\tests\test_requests.py:1150: error: Function is missing a type annotation  [no-untyped-def]
C:\Users\91948\Documents\Q3\Sustainable\requests\tests\test_requests.py:1160: error: Function is missing a type annotation  [no-untyped-def]
C:\Users\91948\Documents\Q3\Sustainable\requests\tests\test_requests.py:1161: error: Function is missing a type annotation  [no-untyped-def]
C:\Users\91948\Documents\Q3\Sustainable\requests\tests\test_requests.py:1174: error: Function is missing a type annotation  [no-untyped-def]
C:\Users\91948\Documents\Q3\Sustainable\requests\tests\test_requests.py:1176: error: Function is missing a type annotation  [no-untyped-def]
C:\Users\91948\Documents\Q3\Sustainable\requests\tests\test_requests.py:1191: error: Function is missing a return type annotation  [no-untyped-def]
C:\Users\91948\Documents\Q3\Sustainable\requests\tests\test_requests.py:1191: note: Use "-> None" if function does not return a value
C:\Users\91948\Documents\Q3\Sustainable\requests\tests\test_requests.py:1197: error: Function is missing a type annotation  [no-untyped-def]
C:\Users\91948\Documents\Q3\Sustainable\requests\tests\test_requests.py:1207: error: Function is missing a return type annotation  [no-untyped-def]
C:\Users\91948\Documents\Q3\Sustainable\requests\tests\test_requests.py:1207: note: Use "-> None" if function does not return a value
C:\Users\91948\Documents\Q3\Sustainable\requests\tests\test_requests.py:1233: error: Function is missing a return type annotation  [no-untyped-def]
C:\Users\91948\Documents\Q3\Sustainable\requests\tests\test_requests.py:1233: note: Use "-> None" if function does not return a value
C:\Users\91948\Documents\Q3\Sustainable\requests\tests\test_requests.py:1251: error: Function is missing a return type annotation  [no-untyped-def]
C:\Users\91948\Documents\Q3\Sustainable\requests\tests\test_requests.py:1251: note: Use "-> None" if function does not return a value
C:\Users\91948\Documents\Q3\Sustainable\requests\tests\test_requests.py:1271: error: Function is missing a return type annotation  [no-untyped-def]
C:\Users\91948\Documents\Q3\Sustainable\requests\tests\test_requests.py:1271: note: Use "-> None" if function does not return a value
C:\Users\91948\Documents\Q3\Sustainable\requests\tests\test_requests.py:1290: error: Function is missing a return type annotation  [no-untyped-def]
C:\Users\91948\Documents\Q3\Sustainable\requests\tests\test_requests.py:1290: note: Use "-> None" if function does not return a value
C:\Users\91948\Documents\Q3\Sustainable\requests\tests\test_requests.py:1306: error: Function is missing a return type annotation  [no-untyped-def]
C:\Users\91948\Documents\Q3\Sustainable\requests\tests\test_requests.py:1306: note: Use "-> None" if function does not return a value
C:\Users\91948\Documents\Q3\Sustainable\requests\tests\test_requests.py:1322: error: Function is missing a return type annotation  [no-untyped-def]
C:\Users\91948\Documents\Q3\Sustainable\requests\tests\test_requests.py:1322: note: Use "-> None" if function does not return a value
C:\Users\91948\Documents\Q3\Sustainable\requests\tests\test_requests.py:1338: error: Function is missing a return type annotation  [no-untyped-def]
C:\Users\91948\Documents\Q3\Sustainable\requests\tests\test_requests.py:1338: note: Use "-> None" if function does not return a value
C:\Users\91948\Documents\Q3\Sustainable\requests\tests\test_requests.py:1359: error: Function is missing a return type annotation  [no-untyped-def]
C:\Users\91948\Documents\Q3\Sustainable\requests\tests\test_requests.py:1359: note: Use "-> None" if function does not return a value
C:\Users\91948\Documents\Q3\Sustainable\requests\tests\test_requests.py:1370: error: Function is missing a return type annotation  [no-untyped-def]
C:\Users\91948\Documents\Q3\Sustainable\requests\tests\test_requests.py:1370: note: Use "-> None" if function does not return a value
C:\Users\91948\Documents\Q3\Sustainable\requests\tests\test_requests.py:1378: error: Function is missing a type annotation  [no-untyped-def]
C:\Users\91948\Documents\Q3\Sustainable\requests\tests\test_requests.py:1386: error: Function is missing a return type annotation  [no-untyped-def]
C:\Users\91948\Documents\Q3\Sustainable\requests\tests\test_requests.py:1386: note: Use "-> None" if function does not return a value
C:\Users\91948\Documents\Q3\Sustainable\requests\tests\test_requests.py:1390: error: Function is missing a return type annotation  [no-untyped-def]
C:\Users\91948\Documents\Q3\Sustainable\requests\tests\test_requests.py:1395: error: Function is missing a type annotation  [no-untyped-def]
C:\Users\91948\Documents\Q3\Sustainable\requests\tests\test_requests.py:1403: error: Function is missing a return type annotation  [no-untyped-def]
C:\Users\91948\Documents\Q3\Sustainable\requests\tests\test_requests.py:1403: note: Use "-> None" if function does not return a value
C:\Users\91948\Documents\Q3\Sustainable\requests\tests\test_requests.py:1422: error: Function is missing a return type annotation  [no-untyped-def]
C:\Users\91948\Documents\Q3\Sustainable\requests\tests\test_requests.py:1422: note: Use "-> None" if function does not return a value
C:\Users\91948\Documents\Q3\Sustainable\requests\tests\test_requests.py:1431: error: Function is missing a return type annotation  [no-untyped-def]
C:\Users\91948\Documents\Q3\Sustainable\requests\tests\test_requests.py:1431: note: Use "-> None" if function does not return a value
C:\Users\91948\Documents\Q3\Sustainable\requests\tests\test_requests.py:1443: error: Function is missing a return type annotation  [no-untyped-def]
C:\Users\91948\Documents\Q3\Sustainable\requests\tests\test_requests.py:1443: note: Use "-> None" if function does not return a value
C:\Users\91948\Documents\Q3\Sustainable\requests\tests\test_requests.py:1471: error: Function is missing a type annotation  [no-untyped-def]
C:\Users\91948\Documents\Q3\Sustainable\requests\tests\test_requests.py:1481: error: Function is missing a type annotation  [no-untyped-def]
C:\Users\91948\Documents\Q3\Sustainable\requests\tests\test_requests.py:1493: error: Function is missing a type annotation  [no-untyped-def]
C:\Users\91948\Documents\Q3\Sustainable\requests\tests\test_requests.py:1507: error: Function is missing a type annotation  [no-untyped-def]
C:\Users\91948\Documents\Q3\Sustainable\requests\tests\test_requests.py:1523: error: Function is missing a type annotation  [no-untyped-def]
C:\Users\91948\Documents\Q3\Sustainable\requests\tests\test_requests.py:1539: error: Function is missing a type annotation  [no-untyped-def]
C:\Users\91948\Documents\Q3\Sustainable\requests\tests\test_requests.py:1544: error: Function is missing a return type annotation  [no-untyped-def]
C:\Users\91948\Documents\Q3\Sustainable\requests\tests\test_requests.py:1544: note: Use "-> None" if function does not return a value
C:\Users\91948\Documents\Q3\Sustainable\requests\tests\test_requests.py:1554: error: Function is missing a type annotation  [no-untyped-def]
C:\Users\91948\Documents\Q3\Sustainable\requests\tests\test_requests.py:1564: error: Function is missing a type annotation  [no-untyped-def]
C:\Users\91948\Documents\Q3\Sustainable\requests\tests\test_requests.py:1575: error: Function is missing a type annotation  [no-untyped-def]
C:\Users\91948\Documents\Q3\Sustainable\requests\tests\test_requests.py:1582: error: Function is missing a return type annotation  [no-untyped-def]
C:\Users\91948\Documents\Q3\Sustainable\requests\tests\test_requests.py:1582: note: Use "-> None" if function does not return a value
C:\Users\91948\Documents\Q3\Sustainable\requests\tests\test_requests.py:1620: error: Function is missing a return type annotation  [no-untyped-def]
C:\Users\91948\Documents\Q3\Sustainable\requests\tests\test_requests.py:1620: note: Use "-> None" if function does not return a value
C:\Users\91948\Documents\Q3\Sustainable\requests\tests\test_requests.py:1644: error: Function is missing a return type annotation  [no-untyped-def]
C:\Users\91948\Documents\Q3\Sustainable\requests\tests\test_requests.py:1644: note: Use "-> None" if function does not return a value
C:\Users\91948\Documents\Q3\Sustainable\requests\tests\test_requests.py:1654: error: Function is missing a return type annotation  [no-untyped-def]
C:\Users\91948\Documents\Q3\Sustainable\requests\tests\test_requests.py:1654: note: Use "-> None" if function does not return a value
C:\Users\91948\Documents\Q3\Sustainable\requests\tests\test_requests.py:1666: error: Function is missing a type annotation  [no-untyped-def]
C:\Users\91948\Documents\Q3\Sustainable\requests\tests\test_requests.py:1673: error: Function is missing a type annotation  [no-untyped-def]
C:\Users\91948\Documents\Q3\Sustainable\requests\tests\test_requests.py:1679: error: Function is missing a return type annotation  [no-untyped-def]
C:\Users\91948\Documents\Q3\Sustainable\requests\tests\test_requests.py:1679: note: Use "-> None" if function does not return a value
C:\Users\91948\Documents\Q3\Sustainable\requests\tests\test_requests.py:1688: error: Function is missing a type annotation  [no-untyped-def]
C:\Users\91948\Documents\Q3\Sustainable\requests\tests\test_requests.py:1698: error: Function is missing a type annotation  [no-untyped-def]
C:\Users\91948\Documents\Q3\Sustainable\requests\tests\test_requests.py:1718: error: Function is missing a type annotation  [no-untyped-def]
C:\Users\91948\Documents\Q3\Sustainable\requests\tests\test_requests.py:1739: error: Function is missing a type annotation  [no-untyped-def]
C:\Users\91948\Documents\Q3\Sustainable\requests\tests\test_requests.py:1758: error: Function is missing a type annotation  [no-untyped-def]
C:\Users\91948\Documents\Q3\Sustainable\requests\tests\test_requests.py:1765: error: Function is missing a type annotation  [no-untyped-def]
C:\Users\91948\Documents\Q3\Sustainable\requests\tests\test_requests.py:1791: error: Function is missing a type annotation  [no-untyped-def]
C:\Users\91948\Documents\Q3\Sustainable\requests\tests\test_requests.py:1798: error: Function is missing a type annotation  [no-untyped-def]
C:\Users\91948\Documents\Q3\Sustainable\requests\tests\test_requests.py:1806: error: Function is missing a type annotation  [no-untyped-def]
C:\Users\91948\Documents\Q3\Sustainable\requests\tests\test_requests.py:1814: error: Function is missing a return type annotation  [no-untyped-def]
C:\Users\91948\Documents\Q3\Sustainable\requests\tests\test_requests.py:1814: note: Use "-> None" if function does not return a value
C:\Users\91948\Documents\Q3\Sustainable\requests\tests\test_requests.py:1825: error: Function is missing a type annotation  [no-untyped-def]
C:\Users\91948\Documents\Q3\Sustainable\requests\tests\test_requests.py:1837: error: Function is missing a type annotation  [no-untyped-def]
C:\Users\91948\Documents\Q3\Sustainable\requests\tests\test_requests.py:1844: error: Function is missing a return type annotation  [no-untyped-def]
C:\Users\91948\Documents\Q3\Sustainable\requests\tests\test_requests.py:1844: note: Use "-> None" if function does not return a value
C:\Users\91948\Documents\Q3\Sustainable\requests\tests\test_requests.py:1850: error: Function is missing a return type annotation  [no-untyped-def]
C:\Users\91948\Documents\Q3\Sustainable\requests\tests\test_requests.py:1850: note: Use "-> None" if function does not return a value
C:\Users\91948\Documents\Q3\Sustainable\requests\tests\test_requests.py:1854: error: Function is missing a return type annotation  [no-untyped-def]
C:\Users\91948\Documents\Q3\Sustainable\requests\tests\test_requests.py:1854: note: Use "-> None" if function does not return a value
C:\Users\91948\Documents\Q3\Sustainable\requests\tests\test_requests.py:1873: error: Function is missing a return type annotation  [no-untyped-def]
C:\Users\91948\Documents\Q3\Sustainable\requests\tests\test_requests.py:1873: note: Use "-> None" if function does not return a value
C:\Users\91948\Documents\Q3\Sustainable\requests\tests\test_requests.py:1888: error: Function is missing a type annotation  [no-untyped-def]
C:\Users\91948\Documents\Q3\Sustainable\requests\tests\test_requests.py:1892: error: Function is missing a type annotation  [no-untyped-def]
C:\Users\91948\Documents\Q3\Sustainable\requests\tests\test_requests.py:1911: error: Function is missing a return type annotation  [no-untyped-def]
C:\Users\91948\Documents\Q3\Sustainable\requests\tests\test_requests.py:1911: note: Use "-> None" if function does not return a value
C:\Users\91948\Documents\Q3\Sustainable\requests\tests\test_requests.py:1916: error: Function is missing a return type annotation  [no-untyped-def]
C:\Users\91948\Documents\Q3\Sustainable\requests\tests\test_requests.py:1916: note: Use "-> None" if function does not return a value
C:\Users\91948\Documents\Q3\Sustainable\requests\tests\test_requests.py:1929: error: Function is missing a return type annotation  [no-untyped-def]
C:\Users\91948\Documents\Q3\Sustainable\requests\tests\test_requests.py:1929: note: Use "-> None" if function does not return a value
C:\Users\91948\Documents\Q3\Sustainable\requests\tests\test_requests.py:1943: error: Function is missing a return type annotation  [no-untyped-def]
C:\Users\91948\Documents\Q3\Sustainable\requests\tests\test_requests.py:1945: error: Function is missing a type annotation  [no-untyped-def]
C:\Users\91948\Documents\Q3\Sustainable\requests\tests\test_requests.py:1948: error: Function is missing a return type annotation  [no-untyped-def]
C:\Users\91948\Documents\Q3\Sustainable\requests\tests\test_requests.py:1951: error: Function is missing a type annotation  [no-untyped-def]
C:\Users\91948\Documents\Q3\Sustainable\requests\tests\test_requests.py:1963: error: Function is missing a return type annotation  [no-untyped-def]
C:\Users\91948\Documents\Q3\Sustainable\requests\tests\test_requests.py:1965: error: Function is missing a type annotation  [no-untyped-def]
C:\Users\91948\Documents\Q3\Sustainable\requests\tests\test_requests.py:1968: error: Function is missing a return type annotation  [no-untyped-def]
C:\Users\91948\Documents\Q3\Sustainable\requests\tests\test_requests.py:1971: error: Function is missing a type annotation  [no-untyped-def]
C:\Users\91948\Documents\Q3\Sustainable\requests\tests\test_requests.py:1974: error: Function is missing a type annotation  [no-untyped-def]
C:\Users\91948\Documents\Q3\Sustainable\requests\tests\test_requests.py:1986: error: Function is missing a return type annotation  [no-untyped-def]
C:\Users\91948\Documents\Q3\Sustainable\requests\tests\test_requests.py:1986: note: Use "-> None" if function does not return a value
C:\Users\91948\Documents\Q3\Sustainable\requests\tests\test_requests.py:1988: error: Function is missing a type annotation  [no-untyped-def]
C:\Users\91948\Documents\Q3\Sustainable\requests\tests\test_requests.py:1991: error: Function is missing a return type annotation  [no-untyped-def]
C:\Users\91948\Documents\Q3\Sustainable\requests\tests\test_requests.py:1991: note: Use "-> None" if function does not return a value
C:\Users\91948\Documents\Q3\Sustainable\requests\tests\test_requests.py:1994: error: Function is missing a type annotation  [no-untyped-def]
C:\Users\91948\Documents\Q3\Sustainable\requests\tests\test_requests.py:2006: error: Function is missing a type annotation  [no-untyped-def]
C:\Users\91948\Documents\Q3\Sustainable\requests\tests\test_requests.py:2011: error: Function is missing a type annotation  [no-untyped-def]
C:\Users\91948\Documents\Q3\Sustainable\requests\tests\test_requests.py:2020: error: Function is missing a type annotation  [no-untyped-def]
C:\Users\91948\Documents\Q3\Sustainable\requests\tests\test_requests.py:2037: error: Function is missing a type annotation  [no-untyped-def]
C:\Users\91948\Documents\Q3\Sustainable\requests\tests\test_requests.py:2042: error: Function is missing a type annotation  [no-untyped-def]
C:\Users\91948\Documents\Q3\Sustainable\requests\tests\test_requests.py:2050: error: Function is missing a type annotation  [no-untyped-def]
C:\Users\91948\Documents\Q3\Sustainable\requests\tests\test_requests.py:2056: error: Function is missing a type annotation  [no-untyped-def]
C:\Users\91948\Documents\Q3\Sustainable\requests\tests\test_requests.py:2066: error: Function is missing a type annotation  [no-untyped-def]
C:\Users\91948\Documents\Q3\Sustainable\requests\tests\test_requests.py:2074: error: Function is missing a type annotation  [no-untyped-def]
C:\Users\91948\Documents\Q3\Sustainable\requests\tests\test_requests.py:2080: error: Function is missing a type annotation  [no-untyped-def]
C:\Users\91948\Documents\Q3\Sustainable\requests\tests\test_requests.py:2090: error: Function is missing a type annotation  [no-untyped-def]
C:\Users\91948\Documents\Q3\Sustainable\requests\tests\test_requests.py:2098: error: Function is missing a return type annotation  [no-untyped-def]
C:\Users\91948\Documents\Q3\Sustainable\requests\tests\test_requests.py:2098: note: Use "-> None" if function does not return a value
C:\Users\91948\Documents\Q3\Sustainable\requests\tests\test_requests.py:2109: error: Function is missing a return type annotation  [no-untyped-def]
C:\Users\91948\Documents\Q3\Sustainable\requests\tests\test_requests.py:2109: note: Use "-> None" if function does not return a value
C:\Users\91948\Documents\Q3\Sustainable\requests\tests\test_requests.py:2114: error: Function is missing a return type annotation  [no-untyped-def]
C:\Users\91948\Documents\Q3\Sustainable\requests\tests\test_requests.py:2114: note: Use "-> None" if function does not return a value
C:\Users\91948\Documents\Q3\Sustainable\requests\tests\test_requests.py:2119: error: Function is missing a type annotation  [no-untyped-def]
C:\Users\91948\Documents\Q3\Sustainable\requests\tests\test_requests.py:2130: error: Function is missing a return type annotation  [no-untyped-def]
C:\Users\91948\Documents\Q3\Sustainable\requests\tests\test_requests.py:2130: note: Use "-> None" if function does not return a value
C:\Users\91948\Documents\Q3\Sustainable\requests\tests\test_requests.py:2140: error: Function is missing a type annotation  [no-untyped-def]
C:\Users\91948\Documents\Q3\Sustainable\requests\tests\test_requests.py:2152: error: Function is missing a type annotation  [no-untyped-def]
C:\Users\91948\Documents\Q3\Sustainable\requests\tests\test_requests.py:2164: error: Function is missing a type annotation  [no-untyped-def]
C:\Users\91948\Documents\Q3\Sustainable\requests\tests\test_requests.py:2175: error: Function is missing a type annotation  [no-untyped-def]
C:\Users\91948\Documents\Q3\Sustainable\requests\tests\test_requests.py:2199: error: Function is missing a type annotation  [no-untyped-def]
C:\Users\91948\Documents\Q3\Sustainable\requests\tests\test_requests.py:2229: error: Function is missing a type annotation  [no-untyped-def]
C:\Users\91948\Documents\Q3\Sustainable\requests\tests\test_requests.py:2234: error: Function is missing a return type annotation  [no-untyped-def]
C:\Users\91948\Documents\Q3\Sustainable\requests\tests\test_requests.py:2234: note: Use "-> None" if function does not return a value
C:\Users\91948\Documents\Q3\Sustainable\requests\tests\test_requests.py:2240: error: Function is missing a return type annotation  [no-untyped-def]
C:\Users\91948\Documents\Q3\Sustainable\requests\tests\test_requests.py:2240: note: Use "-> None" if function does not return a value
C:\Users\91948\Documents\Q3\Sustainable\requests\tests\test_requests.py:2245: error: Function is missing a return type annotation  [no-untyped-def]
C:\Users\91948\Documents\Q3\Sustainable\requests\tests\test_requests.py:2245: note: Use "-> None" if function does not return a value
C:\Users\91948\Documents\Q3\Sustainable\requests\tests\test_requests.py:2250: error: Function is missing a return type annotation  [no-untyped-def]
C:\Users\91948\Documents\Q3\Sustainable\requests\tests\test_requests.py:2250: note: Use "-> None" if function does not return a value
C:\Users\91948\Documents\Q3\Sustainable\requests\tests\test_requests.py:2261: error: Function is missing a return type annotation  [no-untyped-def]
C:\Users\91948\Documents\Q3\Sustainable\requests\tests\test_requests.py:2261: note: Use "-> None" if function does not return a value
C:\Users\91948\Documents\Q3\Sustainable\requests\tests\test_requests.py:2268: error: Function is missing a return type annotation  [no-untyped-def]
C:\Users\91948\Documents\Q3\Sustainable\requests\tests\test_requests.py:2268: note: Use "-> None" if function does not return a value
C:\Users\91948\Documents\Q3\Sustainable\requests\tests\test_requests.py:2277: error: Function is missing a return type annotation  [no-untyped-def]
C:\Users\91948\Documents\Q3\Sustainable\requests\tests\test_requests.py:2277: note: Use "-> None" if function does not return a value
C:\Users\91948\Documents\Q3\Sustainable\requests\tests\test_requests.py:2286: error: Function is missing a return type annotation  [no-untyped-def]
C:\Users\91948\Documents\Q3\Sustainable\requests\tests\test_requests.py:2286: note: Use "-> None" if function does not return a value
C:\Users\91948\Documents\Q3\Sustainable\requests\tests\test_requests.py:2297: error: Function is missing a return type annotation  [no-untyped-def]
C:\Users\91948\Documents\Q3\Sustainable\requests\tests\test_requests.py:2297: note: Use "-> None" if function does not return a value
C:\Users\91948\Documents\Q3\Sustainable\requests\tests\test_requests.py:2302: error: Function is missing a return type annotation  [no-untyped-def]
C:\Users\91948\Documents\Q3\Sustainable\requests\tests\test_requests.py:2302: note: Use "-> None" if function does not return a value
C:\Users\91948\Documents\Q3\Sustainable\requests\tests\test_requests.py:2307: error: Function is missing a return type annotation  [no-untyped-def]
C:\Users\91948\Documents\Q3\Sustainable\requests\tests\test_requests.py:2307: note: Use "-> None" if function does not return a value
C:\Users\91948\Documents\Q3\Sustainable\requests\tests\test_requests.py:2316: error: Function is missing a return type annotation  [no-untyped-def]
C:\Users\91948\Documents\Q3\Sustainable\requests\tests\test_requests.py:2316: note: Use "-> None" if function does not return a value
C:\Users\91948\Documents\Q3\Sustainable\requests\tests\test_requests.py:2321: error: Function is missing a return type annotation  [no-untyped-def]
C:\Users\91948\Documents\Q3\Sustainable\requests\tests\test_requests.py:2321: note: Use "-> None" if function does not return a value
C:\Users\91948\Documents\Q3\Sustainable\requests\tests\test_requests.py:2332: error: Function is missing a return type annotation  [no-untyped-def]
C:\Users\91948\Documents\Q3\Sustainable\requests\tests\test_requests.py:2332: note: Use "-> None" if function does not return a value
C:\Users\91948\Documents\Q3\Sustainable\requests\tests\test_requests.py:2344: error: Function is missing a return type annotation  [no-untyped-def]
C:\Users\91948\Documents\Q3\Sustainable\requests\tests\test_requests.py:2344: note: Use "-> None" if function does not return a value
C:\Users\91948\Documents\Q3\Sustainable\requests\tests\test_requests.py:2358: error: Function is missing a return type annotation  [no-untyped-def]
C:\Users\91948\Documents\Q3\Sustainable\requests\tests\test_requests.py:2358: note: Use "-> None" if function does not return a value
C:\Users\91948\Documents\Q3\Sustainable\requests\tests\test_requests.py:2374: error: Function is missing a return type annotation  [no-untyped-def]
C:\Users\91948\Documents\Q3\Sustainable\requests\tests\test_requests.py:2374: note: Use "-> None" if function does not return a value
C:\Users\91948\Documents\Q3\Sustainable\requests\tests\test_requests.py:2389: error: Function is missing a type annotation  [no-untyped-def]
C:\Users\91948\Documents\Q3\Sustainable\requests\tests\test_requests.py:2396: error: Function is missing a return type annotation  [no-untyped-def]
C:\Users\91948\Documents\Q3\Sustainable\requests\tests\test_requests.py:2396: note: Use "-> None" if function does not return a value
C:\Users\91948\Documents\Q3\Sustainable\requests\tests\test_requests.py:2409: error: Function is missing a return type annotation  [no-untyped-def]
C:\Users\91948\Documents\Q3\Sustainable\requests\tests\test_requests.py:2409: note: Use "-> None" if function does not return a value
C:\Users\91948\Documents\Q3\Sustainable\requests\tests\test_requests.py:2417: error: Function is missing a return type annotation  [no-untyped-def]
C:\Users\91948\Documents\Q3\Sustainable\requests\tests\test_requests.py:2417: note: Use "-> None" if function does not return a value
C:\Users\91948\Documents\Q3\Sustainable\requests\tests\test_requests.py:2427: error: Function is missing a type annotation  [no-untyped-def]
C:\Users\91948\Documents\Q3\Sustainable\requests\tests\test_requests.py:2440: error: Function is missing a type annotation  [no-untyped-def]
C:\Users\91948\Documents\Q3\Sustainable\requests\tests\test_requests.py:2446: error: Function is missing a type annotation  [no-untyped-def]
C:\Users\91948\Documents\Q3\Sustainable\requests\tests\test_requests.py:2461: error: Function is missing a type annotation  [no-untyped-def]
C:\Users\91948\Documents\Q3\Sustainable\requests\tests\test_requests.py:2471: error: Function is missing a type annotation  [no-untyped-def]
C:\Users\91948\Documents\Q3\Sustainable\requests\tests\test_requests.py:2482: error: Function is missing a type annotation  [no-untyped-def]
C:\Users\91948\Documents\Q3\Sustainable\requests\tests\test_requests.py:2489: error: Function is missing a type annotation  [no-untyped-def]
C:\Users\91948\Documents\Q3\Sustainable\requests\tests\test_requests.py:2499: error: Function is missing a type annotation  [no-untyped-def]
C:\Users\91948\Documents\Q3\Sustainable\requests\tests\test_requests.py:2506: error: Function is missing a type annotation  [no-untyped-def]
C:\Users\91948\Documents\Q3\Sustainable\requests\tests\test_requests.py:2510: error: Function is missing a return type annotation  [no-untyped-def]
C:\Users\91948\Documents\Q3\Sustainable\requests\tests\test_requests.py:2524: error: Function is missing a return type annotation  [no-untyped-def]
C:\Users\91948\Documents\Q3\Sustainable\requests\tests\test_requests.py:2530: error: Function is missing a return type annotation  [no-untyped-def]
C:\Users\91948\Documents\Q3\Sustainable\requests\tests\test_requests.py:2530: note: Use "-> None" if function does not return a value
C:\Users\91948\Documents\Q3\Sustainable\requests\tests\test_requests.py:2538: error: Function is missing a type annotation  [no-untyped-def]
C:\Users\91948\Documents\Q3\Sustainable\requests\tests\test_requests.py:2568: error: Function is missing a type annotation  [no-untyped-def]
C:\Users\91948\Documents\Q3\Sustainable\requests\tests\test_requests.py:2589: error: Function is missing a type annotation  [no-untyped-def]
C:\Users\91948\Documents\Q3\Sustainable\requests\tests\test_requests.py:2620: error: Function is missing a type annotation  [no-untyped-def]
C:\Users\91948\Documents\Q3\Sustainable\requests\tests\test_requests.py:2629: error: Function is missing a type annotation  [no-untyped-def]
C:\Users\91948\Documents\Q3\Sustainable\requests\tests\test_requests.py:2639: error: Function is missing a type annotation  [no-untyped-def]
C:\Users\91948\Documents\Q3\Sustainable\requests\tests\test_requests.py:2681: error: Function is missing a type annotation  [no-untyped-def]
C:\Users\91948\Documents\Q3\Sustainable\requests\tests\test_requests.py:2682: error: Function is missing a type annotation  [no-untyped-def]
C:\Users\91948\Documents\Q3\Sustainable\requests\tests\test_requests.py:2703: error: Function is missing a type annotation  [no-untyped-def]
C:\Users\91948\Documents\Q3\Sustainable\requests\tests\test_requests.py:2709: error: Function is missing a type annotation  [no-untyped-def]
C:\Users\91948\Documents\Q3\Sustainable\requests\tests\test_requests.py:2738: error: Function is missing a type annotation  [no-untyped-def]
C:\Users\91948\Documents\Q3\Sustainable\requests\tests\test_requests.py:2774: error: Function is missing a type annotation  [no-untyped-def]
C:\Users\91948\Documents\Q3\Sustainable\requests\tests\test_requests.py:2783: error: Function is missing a type annotation  [no-untyped-def]
C:\Users\91948\Documents\Q3\Sustainable\requests\tests\test_requests.py:2788: error: Function is missing a type annotation  [no-untyped-def]
C:\Users\91948\Documents\Q3\Sustainable\requests\tests\test_requests.py:2796: error: Function is missing a type annotation  [no-untyped-def]
C:\Users\91948\Documents\Q3\Sustainable\requests\tests\test_requests.py:2802: error: Function is missing a return type annotation  [no-untyped-def]
C:\Users\91948\Documents\Q3\Sustainable\requests\tests\test_requests.py:2802: note: Use "-> None" if function does not return a value
C:\Users\91948\Documents\Q3\Sustainable\requests\tests\test_requests.py:2817: error: Function is missing a return type annotation  [no-untyped-def]
C:\Users\91948\Documents\Q3\Sustainable\requests\tests\test_requests.py:2817: note: Use "-> None" if function does not return a value
C:\Users\91948\Documents\Q3\Sustainable\requests\tests\test_requests.py:2818: error: Function is missing a type annotation  [no-untyped-def]
C:\Users\91948\Documents\Q3\Sustainable\requests\tests\test_requests.py:2848: error: Function is missing a return type annotation  [no-untyped-def]
C:\Users\91948\Documents\Q3\Sustainable\requests\tests\test_requests.py:2848: note: Use "-> None" if function does not return a value
C:\Users\91948\Documents\Q3\Sustainable\requests\tests\test_requests.py:2851: error: Function is missing a type annotation  [no-untyped-def]
C:\Users\91948\Documents\Q3\Sustainable\requests\tests\test_requests.py:2881: error: Function is missing a return type annotation  [no-untyped-def]
C:\Users\91948\Documents\Q3\Sustainable\requests\tests\test_requests.py:2881: note: Use "-> None" if function does not return a value
C:\Users\91948\Documents\Q3\Sustainable\requests\tests\test_requests.py:2884: error: Function is missing a type annotation  [no-untyped-def]
C:\Users\91948\Documents\Q3\Sustainable\requests\tests\test_requests.py:2913: error: Function is missing a return type annotation  [no-untyped-def]
C:\Users\91948\Documents\Q3\Sustainable\requests\tests\test_requests.py:2913: note: Use "-> None" if function does not return a value
C:\Users\91948\Documents\Q3\Sustainable\requests\tests\test_requests.py:2916: error: Function is missing a type annotation  [no-untyped-def]
C:\Users\91948\Documents\Q3\Sustainable\requests\tests\test_requests.py:2953: error: Function is missing a type annotation  [no-untyped-def]
C:\Users\91948\Documents\Q3\Sustainable\requests\tests\test_requests.py:2967: error: Function is missing a type annotation  [no-untyped-def]
C:\Users\91948\Documents\Q3\Sustainable\requests\tests\test_requests.py:2976: error: Function is missing a return type annotation  [no-untyped-def]
C:\Users\91948\Documents\Q3\Sustainable\requests\tests\test_requests.py:2976: note: Use "-> None" if function does not return a value
C:\Users\91948\Documents\Q3\Sustainable\requests\tests\test_help.py:6: error: Function is missing a return type annotation  [no-untyped-def]
C:\Users\91948\Documents\Q3\Sustainable\requests\tests\test_help.py:6: note: Use "-> None" if function does not return a value
C:\Users\91948\Documents\Q3\Sustainable\requests\tests\test_help.py:12: error: Function is missing a type annotation  [no-untyped-def]
C:\Users\91948\Documents\Q3\Sustainable\requests\tests\test_help.py:16: error: Function is missing a return type annotation  [no-untyped-def]
C:\Users\91948\Documents\Q3\Sustainable\requests\tests\test_help.py:16: note: Use "-> None" if function does not return a value
C:\Users\91948\Documents\Q3\Sustainable\requests\tests\test_help.py:24: error: Function is missing a return type annotation  [no-untyped-def]
C:\Users\91948\Documents\Q3\Sustainable\requests\tests\test_help.py:24: note: Use "-> None" if function does not return a value
Found 728 errors in 1 file (checked 36 source files)
Energy consumption in joules: 102.1539306640625 for 5.610794 sec of execution.
